
--------------- Transferring files ... ------------------------------

Transferring in ascii: C:\Users\DETLDAQ\OPAL-RT\RT-LABv11.3_Workspace\GT_NG_PMU_DBUS\models\NG_PV_Dynamic_DBUS_PMUs\pmu_in_cfg.xml (SS_PMU) ... OK.
Transferring in binary: C:\Users\DETLDAQ\OPAL-RT\RT-LABv11.3_Workspace\GT_NG_PMU_DBUS\models\NG_PV_Dynamic_DBUS_PMUs\NG_PV_Dynamic_DBUS_PMUs_SS_PMU\OpREDHAWKtarget\AsyncC37_118_Slave (SS_PMU) ... OK.
Transferring in binary: C:\Users\DETLDAQ\OPAL-RT\RT-LABv11.3_Workspace\GT_NG_PMU_DBUS\models\NG_PV_Dynamic_DBUS_PMUs\NG_PV_Dynamic_DBUS_PMUs_SS_PMU\OpREDHAWKtarget\Opal*Creator.data (SS_PMU) ... OK.
Transferring in binary: C:\Users\DETLDAQ\OPAL-RT\RT-LABv11.3_Workspace\GT_NG_PMU_DBUS\models\NG_PV_Dynamic_DBUS_PMUs\NG_PV_Dynamic_DBUS_PMUs_SS_PMU\OpREDHAWKtarget\settings.json (SS_PMU) ... OK.

--------------- Done transferring files -----------------------------


Executing script /usr/opalrt/v11.3.5.119/common/python/rtlab/global/target_subsys_preload.py ... done
Root initialized: 10.1.2.3:25335/resources/root
Model 'ng_pv_dynamic_dbus_p_4_ss_pmu' compiled in RELEASE mode.
8 CPUs active on this Computer
libOpalR2016B.a : v11.3.5.119 (build = undefined)
Subsystem SM_NG allocates 1 cores.
Subsystem SS_DBUS allocates 1 cores.
Subsystem SS_PMU allocates 1 cores.
model ng_pv_dynamic_dbus_p_4_ss_pmu assigned to logical cpu 2
Monitoring is enabled
RECV: connection to host established
SEND: connection to host established
A Unit delay is applied on status exchange.
Display of standard output will be disabled
OpWriteFile group 30: the specified buffer size (2374400 bytes) is not large enough
for 800 sample(s) of 370 signal(s). The buffer size has been set to 2374426.
          Asynchronous application 'AsyncC37_118_Slave' launched
          Asynchronous application 'AsyncC37_118_Slave' launched
          Asynchronous application 'AsyncC37_118_Slave' launched
          Asynchronous application 'AsyncC37_118_Slave' launched
          Asynchronous application 'AsyncC37_118_Slave' launched
          Asynchronous application 'AsyncC37_118_Slave' launched
          Asynchronous application 'AsyncC37_118_Slave' launched
          Asynchronous application 'AsyncC37_118_Slave' launched
          Asynchronous application 'AsyncC37_118_Slave' launched
          Asynchronous application 'AsyncC37_118_Slave' launched
          Asynchronous application 'AsyncC37_118_Slave' launched
          Asynchronous application 'AsyncC37_118_Slave' launched
          Asynchronous application 'AsyncC37_118_Slave' launched
          Asynchronous application 'AsyncC37_118_Slave' launched
          Asynchronous application 'AsyncC37_118_Slave' launched
          Asynchronous application 'AsyncC37_118_Slave' launched
          Asynchronous application 'AsyncC37_118_Slave' launched
          Asynchronous application 'AsyncC37_118_Slave' launched
          Asynchronous application 'AsyncC37_118_Slave' launched
          Asynchronous application 'AsyncC37_118_Slave' launched
          Asynchronous application 'AsyncC37_118_Slave' launched
          Asynchronous application 'AsyncC37_118_Slave' launched
          SubSystem step size = 0.000125 sec. Status updated at every 1 local step.
          XHP mode enabled on this CPU.
          Not synchronized: Time step is determined by reception of data from another subsystem.
          Real-time SingleTasking mode.
          RT-LAB license ok. Unlimited time license.
          Monitoring: start time = 3330.301 ms, using CPU speed = 3200 MHz
          Snapshot taken (opng_pv_dynamic_dbus_p_ss_pmu_0.snap).
           [0]: PAUSE mode, IO set to pause value.
          		Wed May  8 08:11:26 2019

          
----------------------------------------------------------------
Listing C37.118 block parameters:
----------------------------------------------------------------
PMU1 [ID #1] -> Device function:          Slave
PMU1 [ID #1] -> Core number               0
PMU1 [ID #1] -> Protocol:                 TCP
PMU1 [ID #1] -> Inputs config file:       pmu_in_cfg.xml
PMU1 [ID #1] -> Channel name:             eth2
PMU1 [ID #1] -> Local IP addr:            10.1.6.88
PMU1 [ID #1] -> Local TCP port:           7518
PMU1 [ID #1] -> Nominal frequency:        60 Hz
PMU1 [ID #1] -> Reporting data rate:      30 Hz
PMU1 [ID #1] -> Timebase:                 1000000   
PMU1 [ID #1] -> Timestamp input:          Enabled
----------------------------------------------------------------

----------------------------------------------------------------
Listing C37.118 input file parameters:
----------------------------------------------------------------
      Number of phasors:        6
      Phasor representation:    Polar
      Phaso          r format:            Floating point
      Phasor(0) name:           VA-PHASOR
      Phasor type(0):           Voltage
      Phasor(0) units:          100000
      Phasor(1) name:           VB-PHASOR
      Phasor type(1):           Voltage
      Phasor(1) units:          100000
      Phasor(2) name:           VC-PHASOR
      Phasor type(2):           Voltage
      Phasor(2) units:          100000
      Phasor(3) name:           IA-PHASOR
      Phasor type(3):           Current
      Phasor(3) units:          100000
      Phasor(4) name:           IB-PHASOR
      Phasor type(4):           Current
      Phasor(4) units:          100000
      Phasor(5) name:           IC-PHASOR
      Phasor type(5):           Current
      Phasor(5) units:          100000
      Number of analogs:        0
      Number of digitals:       0
      FREQ/DFREQ format:        Floating point
 ----------------------------------------------------------------
          
----------------------------------------------------------------
Listing C37.118 block parameters:
----------------------------------------------------------------
PMU16 [ID #16] -> Device function:          Slave
PMU16 [ID #16] -> Core number               0
PMU16 [ID #16] -> Protocol:                 TCP
PMU16 [ID #16] -> Inputs config file:       pmu_in_cfg.xml
PMU16 [ID #16] -> Channel name:             eth2
PMU16 [ID #16] -> Local IP addr:            10.1.6.103
PMU16 [ID #16] -> Local TCP port:           7533
PMU16 [ID #16] -> Nominal frequency:        60 Hz
PMU16 [ID #16] -> Reporting data rate:      30 Hz
PMU16 [ID #16] -> Timebase:                 1000000   
PMU16 [ID #16] -> Timestamp input:          Enabled
----------------------------------------------------------------

----------------------------------------------------------------
Listing C37.118 input file parameters:
----------------------------------------------------------------
      Number of phasors:        6
      Phasor representatio          n:    Polar
      Phasor format:            Floating point
      Phasor(0) name:           VA-PHASOR
      Phasor type(0):           Voltage
      Phasor(0) units:          100000
      Phasor(1) name:           VB-PHASOR
      Phasor type(1):           Voltage
      Phasor(1) units:          100000
      Phasor(2) name:           VC-PHASOR
      Phasor type(2):           Voltage
      Phasor(2) units:          100000
      Phasor(3) name:           IA-PHASOR
      Phasor type(3):           Current
      Phasor(3) units:          100000
      Phasor(4) name:           IB-PHASOR
      Phasor type(4):           Current
      Phasor(4) units:          100000
      Phasor(5) name:           IC-PHASOR
      Phasor type(5):           Current
      Phasor(5) units:          100000
      Number of analogs:        0
      Number of digitals:       0
      FREQ/DFREQ format:        Floating point
 ----------------------------------------------------------------
          
----------------------------------------------------------------
Listing C37.118 block parameters:
----------------------------------------------------------------
PMU9 [ID #9] -> Device function:          Slave
PMU9 [ID #9] -> Core number               0
PMU9 [ID #9] -> Protocol:                 TCP
PMU9 [ID #9] -> Inputs config file:       pmu_in_cfg.xml
PMU9 [ID #9] -> Channel name:             eth2
PMU9 [ID #9] -> Local IP addr:            10.1.6.96
PMU9 [ID #9] -> Local TCP port:           7526
PMU9 [ID #9] -> Nominal frequency:        60 Hz
PMU9 [ID #9] -> Reporting data rate:      30 Hz
PMU9 [ID #9] -> Timebase:                 1000000   
PMU9 [ID #9] -> Timestamp input:          Enabled
----------------------------------------------------------------

----------------------------------------------------------------
Listing C37.118 input file parameters:
----------------------------------------------------------------
      Number of phasors:        6
      Phasor representation:    Polar
      Phaso          r format:            Floating point
      Phasor(0) name:           VA-PHASOR
      Phasor type(0):           Voltage
      Phasor(0) units:          100000
      Phasor(1) name:           VB-PHASOR
      Phasor type(1):           Voltage
      Phasor(1) units:          100000
      Phasor(2) name:           VC-PHASOR
      Phasor type(2):           Voltage
      Phasor(2) units:          100000
      Phasor(3) name:           IA-PHASOR
      Phasor type(3):           Current
      Phasor(3) units:          100000
      Phasor(4) name:           IB-PHASOR
      Phasor type(4):           Current
      Phasor(4) units:          100000
      Phasor(5) name:           IC-PHASOR
      Phasor type(5):           Current
      Phasor(5) units:          100000
      Number of analogs:        0
      Number of digitals:       0
      FREQ/DFREQ format:        Floating point
 ----------------------------------------------------------------
          
----------------------------------------------------------------
Listing C37.118 block parameters:
----------------------------------------------------------------
PMU18 [ID #18] -> Device function:          Slave
PMU18 [ID #18] -> Core number               0
PMU18 [ID #18] -> Protocol:                 TCP
PMU18 [ID #18] -> Inputs config file:       pmu_in_cfg.xml
PMU18 [ID #18] -> Channel name:             eth2
PMU18 [ID #18] -> Local IP addr:            10.1.6.105
PMU18 [ID #18] -> Local TCP port:           7535
PMU18 [ID #18] -> Nominal frequency:        60 Hz
PMU18 [ID #18] -> Reporting data rate:      30 Hz
PMU18 [ID #18] -> Timebase:                 1000000   
PMU18 [ID #18] -> Timestamp input:          Enabled
----------------------------------------------------------------

----------------------------------------------------------------
Listing C37.118 input file parameters:
----------------------------------------------------------------
      Number of phasors:        6
      Phasor representatio          n:    Polar
      Phasor format:            Floating point
      Phasor(0) name:           VA-PHASOR
      Phasor type(0):           Voltage
      Phasor(0) units:          100000
      Phasor(1) name:           VB-PHASOR
      Phasor type(1):           Voltage
      Phasor(1) units:          100000
      Phasor(2) name:           VC-PHASOR
      Phasor type(2):           Voltage
      Phasor(2) units:          100000
      Phasor(3) name:           IA-PHASOR
      Phasor type(3):           Current
      Phasor(3) units:          100000
      Phasor(4) name:           IB-PHASOR
      Phasor type(4):           Current
      Phasor(4) units:          100000
      Phasor(5) name:           IC-PHASOR
      Phasor type(5):           Current
      Phasor(5) units:          100000
      Number of analogs:        0
      Number of digitals:       0
      FREQ/DFREQ format:        Floating point
 ----------------------------------------------------------------
          
----------------------------------------------------------------
Listing C37.118 block parameters:
----------------------------------------------------------------
PMU5 [ID #5] -> Device function:          Slave
PMU5 [ID #5] -> Core number               0
PMU5 [ID #5] -> Protocol:                 TCP
PMU5 [ID #5] -> Inputs config file:       pmu_in_cfg.xml
PMU5 [ID #5] -> Channel name:             eth2
PMU5 [ID #5] -> Local IP addr:            10.1.6.92
PMU5 [ID #5] -> Local TCP port:           7522
PMU5 [ID #5] -> Nominal frequency:        60 Hz
PMU5 [ID #5] -> Reporting data rate:      30 Hz
PMU5 [ID #5] -> Timebase:                 1000000   
PMU5 [ID #5] -> Timestamp input:          Enabled
----------------------------------------------------------------

----------------------------------------------------------------
Listing C37.118 input file parameters:
----------------------------------------------------------------
      Number of phasors:        6
      Phasor representation:    Polar
      Phaso          r format:            Floating point
      Phasor(0) name:           VA-PHASOR
      Phasor type(0):           Voltage
      Phasor(0) units:          100000
      Phasor(1) name:           VB-PHASOR
      Phasor type(1):           Voltage
      Phasor(1) units:          100000
      Phasor(2) name:           VC-PHASOR
      Phasor type(2):           Voltage
      Phasor(2) units:          100000
      Phasor(3) name:           IA-PHASOR
      Phasor type(3):           Current
      Phasor(3) units:          100000
      Phasor(4) name:           IB-PHASOR
      Phasor type(4):           Current
      Phasor(4) units:          100000
      Phasor(5) name:           IC-PHASOR
      Phasor type(5):           Current
      Phasor(5) units:          100000
      Number of analogs:        0
      Number of digitals:       0
      FREQ/DFREQ format:        Floating point
 ----------------------------------------------------------------
          
----------------------------------------------------------------
Listing C37.118 block parameters:
----------------------------------------------------------------
PMU10 [ID #10] -> Device function:          Slave
PMU10 [ID #10] -> Core number               0
PMU10 [ID #10] -> Protocol:                 TCP
PMU10 [ID #10] -> Inputs config file:       pmu_in_cfg.xml
PMU10 [ID #10] -> Channel name:             eth2
PMU10 [ID #10] -> Local IP addr:            10.1.6.97
PMU10 [ID #10] -> Local TCP port:           7527
PMU10 [ID #10] -> Nominal frequency:        60 Hz
PMU10 [ID #10] -> Reporting data rate:      30 Hz
PMU10 [ID #10] -> Timebase:                 1000000   
PMU10 [ID #10] -> Timestamp input:          Enabled
----------------------------------------------------------------

----------------------------------------------------------------
Listing C37.118 input file parameters:
----------------------------------------------------------------
      Number of phasors:        6
      Phasor representation          :    Polar
      Phasor format:            Floating point
      Phasor(0) name:           VA-PHASOR
      Phasor type(0):           Voltage
      Phasor(0) units:          100000
      Phasor(1) name:           VB-PHASOR
      Phasor type(1):           Voltage
      Phasor(1) units:          100000
      Phasor(2) name:           VC-PHASOR
      Phasor type(2):           Voltage
      Phasor(2) units:          100000
      Phasor(3) name:           IA-PHASOR
      Phasor type(3):           Current
      Phasor(3) units:          100000
      Phasor(4) name:           IB-PHASOR
      Phasor type(4):           Current
      Phasor(4) units:          100000
      Phasor(5) name:           IC-PHASOR
      Phasor type(5):           Current
      Phasor(5) units:          100000
      Number of analogs:        0
      Number of digitals:       0
      FREQ/DFREQ format:        Floating point
 ----------------------------------------------------------------
          
----------------------------------------------------------------
Listing C37.118 block parameters:
----------------------------------------------------------------
PMU12 [ID #12] -> Device function:          Slave
PMU12 [ID #12] -> Core number               0
PMU12 [ID #12] -> Protocol:                 TCP
PMU12 [ID #12] -> Inputs config file:       pmu_in_cfg.xml
PMU12 [ID #12] -> Channel name:             eth2
PMU12 [ID #12] -> Local IP addr:            10.1.6.99
PMU12 [ID #12] -> Local TCP port:           7529
PMU12 [ID #12] -> Nominal frequency:        60 Hz
PMU12 [ID #12] -> Reporting data rate:      30 Hz
PMU12 [ID #12] -> Timebase:                 1000000   
PMU12 [ID #12] -> Timestamp input:          Enabled
----------------------------------------------------------------

----------------------------------------------------------------
Listing C37.118 input file parameters:
----------------------------------------------------------------
      Number of phasors:        6
      Phasor representation          :    Polar
      Phasor format:            Floating point
      Phasor(0) name:           VA-PHASOR
      Phasor type(0):           Voltage
      Phasor(0) units:          100000
      Phasor(1) name:           VB-PHASOR
      Phasor type(1):           Voltage
      Phasor(1) units:          100000
      Phasor(2) name:           VC-PHASOR
      Phasor type(2):           Voltage
      Phasor(2) units:          100000
      Phasor(3) name:           IA-PHASOR
      Phasor type(3):           Current
      Phasor(3) units:          100000
      Phasor(4) name:           IB-PHASOR
      Phasor type(4):           Current
      Phasor(4) units:          100000
      Phasor(5) name:           IC-PHASOR
      Phasor type(5):           Current
      Phasor(5) units:          100000
      Number of analogs:        0
      Number of digitals:       0
      FREQ/DFREQ format:        Floating point
 ----------------------------------------------------------------
          
----------------------------------------------------------------
Listing C37.118 block parameters:
----------------------------------------------------------------
PMU19 [ID #19] -> Device function:          Slave
PMU19 [ID #19] -> Core number               0
PMU19 [ID #19] -> Protocol:                 TCP
PMU19 [ID #19] -> Inputs config file:       pmu_in_cfg.xml
PMU19 [ID #19] -> Channel name:             eth2
PMU19 [ID #19] -> Local IP addr:            10.1.6.106
PMU19 [ID #19] -> Local TCP port:           7536
PMU19 [ID #19] -> Nominal frequency:        60 Hz
PMU19 [ID #19] -> Reporting data rate:      30 Hz
PMU19 [ID #19] -> Timebase:                 1000000   
PMU19 [ID #19] -> Timestamp input:          Enabled
----------------------------------------------------------------

----------------------------------------------------------------
Listing C37.118 input file parameters:
----------------------------------------------------------------
      Number of phasors:        6
      Phasor representatio          n:    Polar
      Phasor format:            Floating point
      Phasor(0) name:           VA-PHASOR
      Phasor type(0):           Voltage
      Phasor(0) units:          100000
      Phasor(1) name:           VB-PHASOR
      Phasor type(1):           Voltage
      Phasor(1) units:          100000
      Phasor(2) name:           VC-PHASOR
      Phasor type(2):           Voltage
      Phasor(2) units:          100000
      Phasor(3) name:           IA-PHASOR
      Phasor type(3):           Current
      Phasor(3) units:          100000
      Phasor(4) name:           IB-PHASOR
      Phasor type(4):           Current
      Phasor(4) units:          100000
      Phasor(5) name:           IC-PHASOR
      Phasor type(5):           Current
      Phasor(5) units:          100000
      Number of analogs:        0
      Number of digitals:       0
      FREQ/DFREQ format:        Floating point
 ----------------------------------------------------------------
          n:    Polar
      Phasor format:            Floating point
      Phasor(0) name:           VA-PHASOR
      Phasor type(0):           Voltage
      Phasor(0) units:          100000
      Phasor(1) name:           VB-PHASOR
      Phasor type(1):           Voltage
      Phasor(1) units:          100000
      Phasor(2) name:           VC-PHASOR
      Phasor type(2):           Voltage
      Phasor(2) units:          100000
      Phasor(3) name:           IA-PHASOR
      Phasor type(3):           Current
      Phasor(3) units:          100000
      Phasor(4) name:           IB-PHASOR
      Phasor type(4):           Current
      Phasor(4) units:          100000
      Phasor(5) name:           IC-PHASOR
      Phasor type(5):           Current
      Phasor(5) units:          100000
      Number of analogs:        0
      Number of digitals:       0
      FREQ/DFREQ format:        Floating point
 ----------------------------------------------------------------
          r format:            Floating point
      Phasor(0) name:           VA-PHASOR
      Phasor type(0):           Voltage
      Phasor(0) units:          100000
      Phasor(1) name:           VB-PHASOR
      Phasor type(1):           Voltage
      Phasor(1) units:          100000
      Phasor(2) name:           VC-PHASOR
      Phasor type(2):           Voltage
      Phasor(2) units:          100000
      Phasor(3) name:           IA-PHASOR
      Phasor type(3):           Current
      Phasor(3) units:          100000
      Phasor(4) name:           IB-PHASOR
      Phasor type(4):           Current
      Phasor(4) units:          100000
      Phasor(5) name:           IC-PHASOR
      Phasor type(5):           Current
      Phasor(5) units:          100000
      Number of analogs:        0
      Number of digitals:       0
      FREQ/DFREQ format:        Floating point
 ----------------------------------------------------------------
          r format:            Floating point
      Phasor(0) name:           VA-PHASOR
      Phasor type(0):           Voltage
      Phasor(0) units:          100000
      Phasor(1) name:           VB-PHASOR
      Phasor type(1):           Voltage
      Phasor(1) units:          100000
      Phasor(2) name:           VC-PHASOR
      Phasor type(2):           Voltage
      Phasor(2) units:          100000
      Phasor(3) name:           IA-PHASOR
      Phasor type(3):           Current
      Phasor(3) units:          100000
      Phasor(4) name:           IB-PHASOR
      Phasor type(4):           Current
      Phasor(4) units:          100000
      Phasor(5) name:           IC-PHASOR
      Phasor type(5):           Current
      Phasor(5) units:          100000
      Number of analogs:        0
      Number of digitals:       0
      FREQ/DFREQ format:        Floating point
 ----------------------------------------------------------------
          r format:            Floating point
      Phasor(0) name:           VA-PHASOR
      Phasor type(0):           Voltage
      Phasor(0) units:          100000
      Phasor(1) name:           VB-PHASOR
      Phasor type(1):           Voltage
      Phasor(1) units:          100000
      Phasor(2) name:           VC-PHASOR
      Phasor type(2):           Voltage
      Phasor(2) units:          100000
      Phasor(3) name:           IA-PHASOR
      Phasor type(3):           Current
      Phasor(3) units:          100000
      Phasor(4) name:           IB-PHASOR
      Phasor type(4):           Current
      Phasor(4) units:          100000
      Phasor(5) name:           IC-PHASOR
      Phasor type(5):           Current
      Phasor(5) units:          100000
      Number of analogs:        0
      Number of digitals:       0
      FREQ/DFREQ format:        Floating point
 ----------------------------------------------------------------
          r format:            Floating point
      Phasor(0) name:           VA-PHASOR
      Phasor type(0):           Voltage
      Phasor(0) units:          100000
      Phasor(1) name:           VB-PHASOR
      Phasor type(1):           Voltage
      Phasor(1) units:          100000
      Phasor(2) name:           VC-PHASOR
      Phasor type(2):           Voltage
      Phasor(2) units:          100000
      Phasor(3) name:           IA-PHASOR
      Phasor type(3):           Current
      Phasor(3) units:          100000
      Phasor(4) name:           IB-PHASOR
      Phasor type(4):           Current
      Phasor(4) units:          100000
      Phasor(5) name:           IC-PHASOR
      Phasor type(5):           Current
      Phasor(5) units:          100000
      Number of analogs:        0
      Number of digitals:       0
      FREQ/DFREQ format:        Floating point
 ----------------------------------------------------------------
          r format:            Floating point
      Phasor(0) name:           VA-PHASOR
      Phasor type(0):           Voltage
      Phasor(0) units:          100000
      Phasor(1) name:           VB-PHASOR
      Phasor type(1):           Voltage
      Phasor(1) units:          100000
      Phasor(2) name:           VC-PHASOR
      Phasor type(2):           Voltage
      Phasor(2) units:          100000
      Phasor(3) name:           IA-PHASOR
      Phasor type(3):           Current
      Phasor(3) units:          100000
      Phasor(4) name:           IB-PHASOR
      Phasor type(4):           Current
      Phasor(4) units:          100000
      Phasor(5) name:           IC-PHASOR
      Phasor type(5):           Current
      Phasor(5) units:          100000
      Number of analogs:        0
      Number of digitals:       0
      FREQ/DFREQ format:        Floating point
 ----------------------------------------------------------------
          r format:            Floating point
      Phasor(0) name:           VA-PHASOR
      Phasor type(0):           Voltage
      Phasor(0) units:          100000
      Phasor(1) name:           VB-PHASOR
      Phasor type(1):           Voltage
      Phasor(1) units:          100000
      Phasor(2) name:           VC-PHASOR
      Phasor type(2):           Voltage
      Phasor(2) units:          100000
      Phasor(3) name:           IA-PHASOR
      Phasor type(3):           Current
      Phasor(3) units:          100000
      Phasor(4) name:           IB-PHASOR
      Phasor type(4):           Current
      Phasor(4) units:          100000
      Phasor(5) name:           IC-PHASOR
      Phasor type(5):           Current
      Phasor(5) units:          100000
      Number of analogs:        0
      Number of digitals:       0
      FREQ/DFREQ format:        Floating point
 ----------------------------------------------------------------
          r format:            Floating point
      Phasor(0) name:           VA-PHASOR
      Phasor type(0):           Voltage
      Phasor(0) units:          100000
      Phasor(1) name:           VB-PHASOR
      Phasor type(1):           Voltage
      Phasor(1) units:          100000
      Phasor(2) name:           VC-PHASOR
      Phasor type(2):           Voltage
      Phasor(2) units:          100000
      Phasor(3) name:           IA-PHASOR
      Phasor type(3):           Current
      Phasor(3) units:          100000
      Phasor(4) name:           IB-PHASOR
      Phasor type(4):           Current
      Phasor(4) units:          100000
      Phasor(5) name:           IC-PHASOR
      Phasor type(5):           Current
      Phasor(5) units:          100000
      Number of analogs:        0
      Number of digitals:       0
      FREQ/DFREQ format:        Floating point
 ----------------------------------------------------------------
          r format:            Floating point
      Phasor(0) name:           VA-PHASOR
      Phasor type(0):           Voltage
      Phasor(0) units:          100000
      Phasor(1) name:           VB-PHASOR
      Phasor type(1):           Voltage
      Phasor(1) units:          100000
      Phasor(2) name:           VC-PHASOR
      Phasor type(2):           Voltage
      Phasor(2) units:          100000
      Phasor(3) name:           IA-PHASOR
      Phasor type(3):           Current
      Phasor(3) units:          100000
      Phasor(4) name:           IB-PHASOR
      Phasor type(4):           Current
      Phasor(4) units:          100000
      Phasor(5) name:           IC-PHASOR
      Phasor type(5):           Current
      Phasor(5) units:          100000
      Number of analogs:        0
      Number of digitals:       0
      FREQ/DFREQ format:        Floating point
 ----------------------------------------------------------------
          n:    Polar
      Phasor format:            Floating point
      Phasor(0) name:           VA-PHASOR
      Phasor type(0):           Voltage
      Phasor(0) units:          100000
      Phasor(1) name:           VB-PHASOR
      Phasor type(1):           Voltage
      Phasor(1) units:          100000
      Phasor(2) name:           VC-PHASOR
      Phasor type(2):           Voltage
      Phasor(2) units:          100000
      Phasor(3) name:           IA-PHASOR
      Phasor type(3):           Current
      Phasor(3) units:          100000
      Phasor(4) name:           IB-PHASOR
      Phasor type(4):           Current
      Phasor(4) units:          100000
      Phasor(5) name:           IC-PHASOR
      Phasor type(5):           Current
      Phasor(5) units:          100000
      Number of analogs:        0
      Number of digitals:       0
      FREQ/DFREQ format:        Floating point
 ----------------------------------------------------------------
          n:    Polar
      Phasor format:            Floating point
      Phasor(0) name:           VA-PHASOR
      Phasor type(0):           Voltage
      Phasor(0) units:          100000
      Phasor(1) name:           VB-PHASOR
      Phasor type(1):           Voltage
      Phasor(1) units:          100000
      Phasor(2) name:           VC-PHASOR
      Phasor type(2):           Voltage
      Phasor(2) units:          100000
      Phasor(3) name:           IA-PHASOR
      Phasor type(3):           Current
      Phasor(3) units:          100000
      Phasor(4) name:           IB-PHASOR
      Phasor type(4):           Current
      Phasor(4) units:          100000
      Phasor(5) name:           IC-PHASOR
      Phasor type(5):           Current
      Phasor(5) units:          100000
      Number of analogs:        0
      Number of digitals:       0
      FREQ/DFREQ format:        Floating point
 ----------------------------------------------------------------
          n:    Polar
      Phasor format:            Floating point
      Phasor(0) name:           VA-PHASOR
      Phasor type(0):           Voltage
      Phasor(0) units:          100000
      Phasor(1) name:           VB-PHASOR
      Phasor type(1):           Voltage
      Phasor(1) units:          100000
      Phasor(2) name:           VC-PHASOR
      Phasor type(2):           Voltage
      Phasor(2) units:          100000
      Phasor(3) name:           IA-PHASOR
      Phasor type(3):           Current
      Phasor(3) units:          100000
      Phasor(4) name:           IB-PHASOR
      Phasor type(4):           Current
      Phasor(4) units:          100000
      Phasor(5) name:           IC-PHASOR
      Phasor type(5):           Current
      Phasor(5) units:          100000
      Number of analogs:        0
      Number of digitals:       0
      FREQ/DFREQ format:        Floating point
 ----------------------------------------------------------------
Starting transfer of /home/s1011745/c/users/detldaq/opal-rt/rt-labv11.3_workspace/gt_ng_pmu_dbus/models/ng_pv_dynamic_dbus_pmus/ng_pv_dynamic_dbus_pmus_ss_pmu/opng_pv_dynamic_dbus_p_ss_pmu_0.snap...
Transfer of /home/s1011745/c/users/detldaq/opal-rt/rt-labv11.3_workspace/gt_ng_pmu_dbus/models/ng_pv_dynamic_dbus_pmus/ng_pv_dynamic_dbus_pmus_ss_pmu/opng_pv_dynamic_dbus_p_ss_pmu_0.snap OK
          
----------------------------------------------------------------
Listing C37.118 block parameters:
----------------------------------------------------------------
PMU15 [ID #15] -> Device function:          Slave
PMU15 [ID #15] -> Core number               0
PMU15 [ID #15] -> Protocol:                 TCP
PMU15 [ID #15] -> Inputs config file:       pmu_in_cfg.xml
PMU15 [ID #15] -> Channel name:             eth2
PMU15 [ID #15] -> Local IP addr:            10.1.6.102
PMU15 [ID #15] -> Local TCP port:           7532
PMU15 [ID #15] -> Nominal frequency:        60 Hz
PMU15 [ID #15] -> Reporting data rate:      30 Hz
PMU15 [ID #15] -> Timebase:                 1000000   
PMU15 [ID #15] -> Timestamp input:          Enabled
----------------------------------------------------------------

----------------------------------------------------------------
Listing C37.118 input file parameters:
----------------------------------------------------------------
      Number of phasors:        6
      Phasor representatio          n:    Polar
      Phasor format:            Floating point
      Phasor(0) name:           VA-PHASOR
      Phasor type(0):           Voltage
      Phasor(0) units:          100000
      Phasor(1) name:           VB-PHASOR
      Phasor type(1):           Voltage
      Phasor(1) units:          100000
      Phasor(2) name:           VC-PHASOR
      Phasor type(2):           Voltage
      Phasor(2) units:          100000
      Phasor(3) name:           IA-PHASOR
      Phasor type(3):           Current
      Phasor(3) units:          100000
      Phasor(4) name:           IB-PHASOR
      Phasor type(4):           Current
      Phasor(4) units:          100000
      Phasor(5) name:           IC-PHASOR
      Phasor type(5):           Current
      Phasor(5) units:          100000
      Number of analogs:        0
      Number of digitals:       0
      FREQ/DFREQ format:        Floating point
 ----------------------------------------------------------------
          
----------------------------------------------------------------
Listing C37.118 block parameters:
----------------------------------------------------------------
PMU20 [ID #20] -> Device function:          Slave
PMU20 [ID #20] -> Core number               0
PMU20 [ID #20] -> Protocol:                 TCP
PMU20 [ID #20] -> Inputs config file:       pmu_in_cfg.xml
PMU20 [ID #20] -> Channel name:             eth2
PMU20 [ID #20] -> Local IP addr:            10.1.6.107
PMU20 [ID #20] -> Local TCP port:           7537
PMU20 [ID #20] -> Nominal frequency:        60 Hz
PMU20 [ID #20] -> Reporting data rate:      30 Hz
PMU20 [ID #20] -> Timebase:                 1000000   
PMU20 [ID #20] -> Timestamp input:          Enabled
----------------------------------------------------------------

----------------------------------------------------------------
Listing C37.118 input file parameters:
----------------------------------------------------------------
      Number of phasors:        6
      Phasor representatio          n:    Polar
      Phasor format:            Floating point
      Phasor(0) name:           VA-PHASOR
      Phasor type(0):           Voltage
      Phasor(0) units:          100000
      Phasor(1) name:           VB-PHASOR
      Phasor type(1):           Voltage
      Phasor(1) units:          100000
      Phasor(2) name:           VC-PHASOR
      Phasor type(2):           Voltage
      Phasor(2) units:          100000
      Phasor(3) name:           IA-PHASOR
      Phasor type(3):           Current
      Phasor(3) units:          100000
      Phasor(4) name:           IB-PHASOR
      Phasor type(4):           Current
      Phasor(4) units:          100000
      Phasor(5) name:           IC-PHASOR
      Phasor type(5):           Current
      Phasor(5) units:          100000
      Number of analogs:        0
      Number of digitals:       0
      FREQ/DFREQ format:        Floating point
 ----------------------------------------------------------------
          
----------------------------------------------------------------
Listing C37.118 block parameters:
----------------------------------------------------------------
PMU21 [ID #21] -> Device function:          Slave
PMU21 [ID #21] -> Core number               0
PMU21 [ID #21] -> Protocol:                 TCP
PMU21 [ID #21] -> Inputs config file:       pmu_in_cfg.xml
PMU21 [ID #21] -> Channel name:             eth2
PMU21 [ID #21] -> Local IP addr:            10.1.6.108
PMU21 [ID #21] -> Local TCP port:           7538
PMU21 [ID #21] -> Nominal frequency:        60 Hz
PMU21 [ID #21] -> Reporting data rate:      30 Hz
PMU21 [ID #21] -> Timebase:                 1000000   
PMU21 [ID #21] -> Timestamp input:          Enabled
----------------------------------------------------------------

----------------------------------------------------------------
Listing C37.118 input file parameters:
----------------------------------------------------------------
      Number of phasors:        6
      Phasor representatio          n:    Polar
      Phasor format:            Floating point
      Phasor(0) name:           VA-PHASOR
      Phasor type(0):           Voltage
      Phasor(0) units:          100000
      Phasor(1) name:           VB-PHASOR
      Phasor type(1):           Voltage
      Phasor(1) units:          100000
      Phasor(2) name:           VC-PHASOR
      Phasor type(2):           Voltage
      Phasor(2) units:          100000
      Phasor(3) name:           IA-PHASOR
      Phasor type(3):           Current
      Phasor(3) units:          100000
      Phasor(4) name:           IB-PHASOR
      Phasor type(4):           Current
      Phasor(4) units:          100000
      Phasor(5) name:           IC-PHASOR
      Phasor type(5):           Current
      Phasor(5) units:          100000
      Number of analogs:        0
      Number of digitals:       0
      FREQ/DFREQ format:        Floating point
 ----------------------------------------------------------------
          
----------------------------------------------------------------
Listing C37.118 block parameters:
----------------------------------------------------------------
PMU13 [ID #13] -> Device function:          Slave
PMU13 [ID #13] -> Core number               0
PMU13 [ID #13] -> Protocol:                 TCP
PMU13 [ID #13] -> Inputs config file:       pmu_in_cfg.xml
PMU13 [ID #13] -> Channel name:             eth2
PMU13 [ID #13] -> Local IP addr:            10.1.6.100
PMU13 [ID #13] -> Local TCP port:           7530
PMU13 [ID #13] -> Nominal frequency:        60 Hz
PMU13 [ID #13] -> Reporting data rate:      30 Hz
PMU13 [ID #13] -> Timebase:                 1000000   
PMU13 [ID #13] -> Timestamp input:          Enabled
----------------------------------------------------------------

----------------------------------------------------------------
Listing C37.118 input file parameters:
----------------------------------------------------------------
      Number of phasors:        6
      Phasor representatio          n:    Polar
      Phasor format:            Floating point
      Phasor(0) name:           VA-PHASOR
      Phasor type(0):           Voltage
      Phasor(0) units:          100000
      Phasor(1) name:           VB-PHASOR
      Phasor type(1):           Voltage
      Phasor(1) units:          100000
      Phasor(2) name:           VC-PHASOR
      Phasor type(2):           Voltage
      Phasor(2) units:          100000
      Phasor(3) name:           IA-PHASOR
      Phasor type(3):           Current
      Phasor(3) units:          100000
      Phasor(4) name:           IB-PHASOR
      Phasor type(4):           Current
      Phasor(4) units:          100000
      Phasor(5) name:           IC-PHASOR
      Phasor type(5):           Current
      Phasor(5) units:          100000
      Number of analogs:        0
      Number of digitals:       0
      FREQ/DFREQ format:        Floating point
 ----------------------------------------------------------------
          
----------------------------------------------------------------
Listing C37.118 block parameters:
----------------------------------------------------------------
PMU11 [ID #11] -> Device function:          Slave
PMU11 [ID #11] -> Core number               0
PMU11 [ID #11] -> Protocol:                 TCP
PMU11 [ID #11] -> Inputs config file:       pmu_in_cfg.xml
PMU11 [ID #11] -> Channel name:             eth2
PMU11 [ID #11] -> Local IP addr:            10.1.6.98
PMU11 [ID #11] -> Local TCP port:           7528
PMU11 [ID #11] -> Nominal frequency:        60 Hz
PMU11 [ID #11] -> Reporting data rate:      30 Hz
PMU11 [ID #11] -> Timebase:                 1000000   
PMU11 [ID #11] -> Timestamp input:          Enabled
----------------------------------------------------------------

----------------------------------------------------------------
Listing C37.118 input file parameters:
----------------------------------------------------------------
      Number of phasors:        6
      Phasor representation          :    Polar
      Phasor format:            Floating point
      Phasor(0) name:           VA-PHASOR
      Phasor type(0):           Voltage
      Phasor(0) units:          100000
      Phasor(1) name:           VB-PHASOR
      Phasor type(1):           Voltage
      Phasor(1) units:          100000
      Phasor(2) name:           VC-PHASOR
      Phasor type(2):           Voltage
      Phasor(2) units:          100000
      Phasor(3) name:           IA-PHASOR
      Phasor type(3):           Current
      Phasor(3) units:          100000
      Phasor(4) name:           IB-PHASOR
      Phasor type(4):           Current
      Phasor(4) units:          100000
      Phasor(5) name:           IC-PHASOR
      Phasor type(5):           Current
      Phasor(5) units:          100000
      Number of analogs:        0
      Number of digitals:       0
      FREQ/DFREQ format:        Floating point
 ----------------------------------------------------------------
          :    Polar
      Phasor format:            Floating point
      Phasor(0) name:           VA-PHASOR
      Phasor type(0):           Voltage
      Phasor(0) units:          100000
      Phasor(1) name:           VB-PHASOR
      Phasor type(1):           Voltage
      Phasor(1) units:          100000
      Phasor(2) name:           VC-PHASOR
      Phasor type(2):           Voltage
      Phasor(2) units:          100000
      Phasor(3) name:           IA-PHASOR
      Phasor type(3):           Current
      Phasor(3) units:          100000
      Phasor(4) name:           IB-PHASOR
      Phasor type(4):           Current
      Phasor(4) units:          100000
      Phasor(5) name:           IC-PHASOR
      Phasor type(5):           Current
      Phasor(5) units:          100000
      Number of analogs:        0
      Number of digitals:       0
      FREQ/DFREQ format:        Floating point
 ----------------------------------------------------------------
          r format:            Floating point
      Phasor(0) name:           VA-PHASOR
      Phasor type(0):           Voltage
      Phasor(0) units:          100000
      Phasor(1) name:           VB-PHASOR
      Phasor type(1):           Voltage
      Phasor(1) units:          100000
      Phasor(2) name:           VC-PHASOR
      Phasor type(2):           Voltage
      Phasor(2) units:          100000
      Phasor(3) name:           IA-PHASOR
      Phasor type(3):           Current
      Phasor(3) units:          100000
      Phasor(4) name:           IB-PHASOR
      Phasor type(4):           Current
      Phasor(4) units:          100000
      Phasor(5) name:           IC-PHASOR
      Phasor type(5):           Current
      Phasor(5) units:          100000
      Number of analogs:        0
      Number of digitals:       0
      FREQ/DFREQ format:        Floating point
 ----------------------------------------------------------------
          
----------------------------------------------------------------
Listing C37.118 block parameters:
----------------------------------------------------------------
PMU17 [ID #17] -> Device function:          Slave
PMU17 [ID #17] -> Core number               0
PMU17 [ID #17] -> Protocol:                 TCP
PMU17 [ID #17] -> Inputs config file:       pmu_in_cfg.xml
PMU17 [ID #17] -> Channel name:             eth2
PMU17 [ID #17] -> Local IP addr:            10.1.6.104
PMU17 [ID #17] -> Local TCP port:           7534
PMU17 [ID #17] -> Nominal frequency:        60 Hz
PMU17 [ID #17] -> Reporting data rate:      30 Hz
PMU17 [ID #17] -> Timebase:                 1000000   
PMU17 [ID #17] -> Timestamp input:          Enabled
----------------------------------------------------------------

----------------------------------------------------------------
Listing C37.118 input file parameters:
----------------------------------------------------------------
      Number of phasors:        6
      Phasor representatio          n:    Polar
      Phasor format:            Floating point
      Phasor(0) name:           VA-PHASOR
      Phasor type(0):           Voltage
      Phasor(0) units:          100000
      Phasor(1) name:           VB-PHASOR
      Phasor type(1):           Voltage
      Phasor(1) units:          100000
      Phasor(2) name:           VC-PHASOR
      Phasor type(2):           Voltage
      Phasor(2) units:          100000
      Phasor(3) name:           IA-PHASOR
      Phasor type(3):           Current
      Phasor(3) units:          100000
      Phasor(4) name:           IB-PHASOR
      Phasor type(4):           Current
      Phasor(4) units:          100000
      Phasor(5) name:           IC-PHASOR
      Phasor type(5):           Current
      Phasor(5) units:          100000
      Number of analogs:        0
      Number of digitals:       0
      FREQ/DFREQ format:        Floating point
 ----------------------------------------------------------------
          
----------------------------------------------------------------
Listing C37.118 block parameters:
----------------------------------------------------------------
PMU2 [ID #2] -> Device function:          Slave
PMU2 [ID #2] -> Core number               0
PMU2 [ID #2] -> Protocol:                 TCP
PMU2 [ID #2] -> Inputs config file:       pmu_in_cfg.xml
PMU2 [ID #2] -> Channel name:             eth2
PMU2 [ID #2] -> Local IP addr:            10.1.6.89
PMU2 [ID #2] -> Local TCP port:           7519
PMU2 [ID #2] -> Nominal frequency:        60 Hz
PMU2 [ID #2] -> Reporting data rate:      30 Hz
PMU2 [ID #2] -> Timebase:                 1000000   
PMU2 [ID #2] -> Timestamp input:          Enabled
----------------------------------------------------------------

----------------------------------------------------------------
Listing C37.118 input file parameters:
----------------------------------------------------------------
      Number of phasors:        6
      Phasor representation:    Polar
      Phaso          r format:            Floating point
      Phasor(0) name:           VA-PHASOR
      Phasor type(0):           Voltage
      Phasor(0) units:          100000
      Phasor(1) name:           VB-PHASOR
      Phasor type(1):           Voltage
      Phasor(1) units:          100000
      Phasor(2) name:           VC-PHASOR
      Phasor type(2):           Voltage
      Phasor(2) units:          100000
      Phasor(3) name:           IA-PHASOR
      Phasor type(3):           Current
      Phasor(3) units:          100000
      Phasor(4) name:           IB-PHASOR
      Phasor type(4):           Current
      Phasor(4) units:          100000
      Phasor(5) name:           IC-PHASOR
      Phasor type(5):           Current
      Phasor(5) units:          100000
      Number of analogs:        0
      Number of digitals:       0
      FREQ/DFREQ format:        Floating point
 ----------------------------------------------------------------
          XHP mode enabled
           [1]: RUN mode, IO set to run value.
          		Approximative step size = 125 us.
          		Wed May  8 08:11:59 2019

          Open file done (/./Energise.mat)
          Main priority set to 99
          PMU15 [ID #15] -> Protocol version: 1.2
PMU15 [ID #15] -> Network interface name: eth2
PMU15 [ID #15] -> Channel name: eth2:15
          PMU10 [ID #10] -> Protocol version: 1.2
PMU10 [ID #10] -> Network interface name: eth2
PMU10 [ID #10] -> Channel name: eth2:10
          PMU8 [ID #8] -> Protocol version: 1.2
PMU8 [ID #8] -> Network interface name: eth2
PMU8 [ID #8] -> Channel name: eth2:8
          PMU22 [ID #22] -> Protocol version: 1.2
PMU22 [ID #22] -> Network interface name: eth2
PMU22 [ID #22] -> Channel name: eth2:22
          PMU16 [ID #16] -> Protocol version: 1.2
PMU16 [ID #16] -> Network interface name: eth2
PMU16 [ID #16] -> Channel name: eth2:16
          PMU3 [ID #3] -> Protocol version: 1.2
PMU3 [ID #3] -> Network interface name: eth2
PMU3 [ID #3] -> Channel name: eth2:3
          PMU4 [ID #4] -> Protocol version: 1.2
PMU4 [ID #4] -> Network interface name: eth2
PMU4 [ID #4] -> Channel name: eth2:4
          PMU19 [ID #19] -> Protocol version: 1.2
PMU19 [ID #19] -> Network interface name: eth2
PMU19 [ID #19] -> Channel name: eth2:19
          PMU11 [ID #11] -> Protocol version: 1.2
PMU11 [ID #11] -> Network interface name: eth2
PMU11 [ID #11] -> Channel name: eth2:11
          PMU12 [ID #12] -> Protocol version: 1.2
PMU12 [ID #12] -> Network interface name: eth2
PMU12 [ID #12] -> Channel name: eth2:12
          PMU2 [ID #2] -> Protocol version: 1.2
PMU2 [ID #2] -> Network interface name: eth2
PMU2 [ID #2] -> Channel name: eth2:2
          PMU20 [ID #20] -> Protocol version: 1.2
PMU20 [ID #20] -> Network interface name: eth2
PMU20 [ID #20] -> Channel name: eth2:20
          PMU17 [ID #17] -> Protocol version: 1.2
PMU17 [ID #17] -> Network interface name: eth2
PMU17 [ID #17] -> Channel name: eth2:17
          PMU9 [ID #9] -> Protocol version: 1.2
PMU9 [ID #9] -> Network interface name: eth2
PMU9 [ID #9] -> Channel name: eth2:9
          PMU1 [ID #1] -> Protocol version: 1.2
PMU1 [ID #1] -> Network interface name: eth2
PMU1 [ID #1] -> Channel name: eth2:1
          PMU14 [ID #14] -> Protocol version: 1.2
PMU14 [ID #14] -> Network interface name: eth2
PMU14 [ID #14] -> Channel name: eth2:14
          PMU21 [ID #21] -> Protocol version: 1.2
PMU21 [ID #21] -> Network interface name: eth2
PMU21 [ID #21] -> Channel name: eth2:21
          PMU7 [ID #7] -> Protocol version: 1.2
PMU7 [ID #7] -> Network interface name: eth2
PMU7 [ID #7] -> Channel name: eth2:7
          PMU15 [ID #15] -> Adding IP alias: ifconfig eth2:15 10.1.6.102
          PMU8 [ID #8] -> Adding IP alias: ifconfig eth2:8 10.1.6.95
          PMU10 [ID #10] -> Adding IP alias: ifconfig eth2:10 10.1.6.97
          PMU18 [ID #18] -> Protocol version: 1.2
PMU18 [ID #18] -> Network interface name: eth2
PMU18 [ID #18] -> Channel name: eth2:18
          PMU6 [ID #6] -> Protocol version: 1.2
PMU6 [ID #6] -> Network interface name: eth2
PMU6 [ID #6] -> Channel name: eth2:6
          PMU5 [ID #5] -> Protocol version: 1.2
PMU5 [ID #5] -> Network interface name: eth2
PMU5 [ID #5] -> Channel name: eth2:5
          PMU13 [ID #13] -> Protocol version: 1.2
PMU13 [ID #13] -> Network interface name: eth2
PMU13 [ID #13] -> Channel name: eth2:13
          PMU4 [ID #4] -> Adding IP alias: ifconfig eth2:4 10.1.6.91
PMU4 [ID #4] -> Listening socket opened
PMU4 [ID #4] -> Liste          ning socket options set
PMU4 [ID #4] -> Listening socket bound
PMU4 [ID #4] -> Listening socket queue set
PMU4 [ID #4] -> Waiting for a connection on port 7521
PMU4 [ID #4] -> Extended frame callback function registered
          PMU22 [ID #22] -> Adding IP alias: ifconfig eth2:22 10.1.6.109
          PMU10 [ID #10] -> Listening socket opened
PMU10 [ID #10] -> Listening socket options set
PMU10 [ID #10] -> Listening socket bound
PMU10 [ID #10] -> Listening socket queue set
PMU10 [ID #10] -> Waiting for a connection on port 7527
PMU10 [ID #10] -> Extended frame callback function registered
          PMU3 [ID #3] -> Adding IP alias: ifconfig eth2:3 10.1.6.90
          PMU15 [ID #15] -> Listening socket opened
PMU15 [ID #15] -> Lis          tening socket options set
PMU15 [ID #15] -> Listening socket bound
PMU15 [ID #15] -> Listening socket queue set
PMU15 [ID #15] -> Waiting for a connection on port 7532
PMU15 [ID #15] -> Extended frame callback function registered
          PMU8 [ID #8] -> Listening socket opened
PMU8 [ID #8] -> Lis          tening socket options set
PMU8 [ID #8] -> Listening socket bound
PMU8 [ID #8] -> Listening socket queue set
PMU8 [ID #8] -> Waiting for a connection on port 7525
PMU8 [ID #8] -> Extended frame callback function registered
          PMU16 [ID #16] -> Adding IP alias: ifconfig eth2:16 10.1.6.103
          PMU19 [ID #19] -> Adding IP alias: ifconfig eth2:19 10.1.6.106
PMU19 [ID #19] -> Listening socket opened
PMU19 [ID #19] -> Listening socket options set
PMU19 [ID #19] -> Listening socket bound
PMU19 [ID #19] -> Listening socket queue set
PMU19 [ID #19] -> Waiting for a connection on port 7536
PMU19 [ID #19] -> Extended frame callback function registered
          PMU3 [ID #3] -> Listening socket opened
          PMU3 [ID #3] -> Listening socket options           set
PMU3 [ID #3] -> Listening socket bound
PMU3 [ID #3] -> Listening socket queue set
PMU3 [ID #3] -> Waiting for a connection on port 7520
PMU3 [ID #3] -> Extended frame callback function registered
          PMU4 [ID #4] -> Connection accepted
PMU4 [ID #4] -> Accepted socket options set
          PMU22 [ID #22] -> Listening socket opened
PMU22 [ID #22] -> Lis          tening socket options set
PMU22 [ID #22] -> Listening socket bound
          PMU22 [ID #22] -> Listening socket queue set
PMU22 [ID #22] -> Waiting for a connection on port 7539
          PMU8 [ID #8] -> Connection accepted
PMU8 [ID #8] -> Accepted socket options set
          PMU10 [ID #10] -> Connection accepted
PMU10 [ID #10] -> Accepted socket options set
          PMU15 [ID #15] -> Connection accepted
PMU15 [ID #15] -> Accepted socket options set
          PMU20 [ID #20] -> Adding IP alias: ifconfig eth2:20 10.1.6.107
          PMU9 [ID #9] -> Adding IP alias: ifconfig eth2:9 10.1.6.96
          PMU16 [ID #16] -> Listening socket opened
PMU16 [ID #16] -> Listening socket options set
PMU16 [ID #16] -> Listening socket bound
PMU16 [ID #16] -> Listening socket queue set
PMU16 [ID #16] -> Waiting for a connection on port 7533
PMU16 [ID #16] -> Extended frame callback function registered
          PMU12 [ID #12] -> Adding IP alias: ifconfig eth2:12 10.1.6.99
          PMU11 [ID #11] -> Adding IP alias: ifconfig eth2:11 10.1.6.98
PMU11 [ID #11] -> Listening socket opened
PMU11 [ID #11] -> Liste          ning socket options set
PMU11 [ID #11] -> Listening socket bound
PMU11 [ID #11] -> Listening socket queue set
PMU11 [ID #11] -> Waiting for a connection on port 7528
PMU11 [ID #11] -> Extended frame callback function registered
          PMU19 [ID #19] -> Connection accepted
PMU19 [ID #19] -> Accepted socket options set
          PMU14 [ID #14] -> Adding IP alias: ifconfig eth2:14 10.1.6.101
          PMU3 [ID #3] -> Connection accepted
PMU3 [ID #3] -> Accepted socket options set
          PMU17 [ID #17] -> Adding IP alias: ifconfig eth2:17 10.1.6.104
          PMU22 [ID #22] -> Extended frame callback function registered
PMU22 [ID #22] -> Connection accepted
PMU22 [ID #22] -> Accepted socket options set
          PMU2 [ID #2] -> Adding IP alias: ifconfig eth2:2 10.1.6.89
          PMU20 [ID #20] -> Listening socket opened
PMU20 [ID #20] -> Lis          tening socket options set
          PMU9 [ID #9] -> Listening socket opened
          PMU20 [ID #20] -> Listening socket bound
PMU20 [ID #20] -> Listening socket queue set
PMU          20 [ID #20] -> Waiting for a connection on port 7537
PMU20 [ID #20] -> Extended frame callback function registered
          PMU9 [ID #9] -> Listening socket options set
PMU9 [ID #9] -> Listening socket bound
PMU9 [ID #9] -> Listening socket queue set
PMU9 [ID #9] -> Waiting for a connection on port 7526
PMU9 [ID #9] -> Extended frame callback function registered
          PMU16 [ID #16] -> Connection accepted
PMU16 [ID #16] -> Accepted socket options set
          PMU1 [ID #1] -> Adding IP alias: ifconfig eth2:1 10.1.6.88
          PMU13 [ID #13] -> Adding IP alias: ifconfig eth2:13 10.1.6.100
          PMU12 [ID #12] -> Listening socket opened
PMU12 [ID #12] -> Listening socket options set
PMU12 [ID #12] -> Listening socket bound
PMU12 [ID #12] -> Listening socket queue set
PMU12 [ID #12] -> Waiting for a connection on port 7529
PMU12 [ID #12] -> Extended frame callback function registered
          PMU5 [ID #5] -> Adding IP alias: ifconfig eth2:5 10.1.6.92
          PMU6 [ID #6] -> Adding IP alias: ifconfig eth2:6 10.1.6.93
          PMU2 [ID #2] -> Listening socket opened
PMU2 [ID #2] -> Listening socket options set
PMU2 [ID #2] -> Listening socket bound
PMU2 [ID #2] -> Listening socket queue set
PMU2 [ID #2] -> Waiting for a connection on port 7519
PMU2 [ID #2] -> Extended frame callback function registered
          PMU18 [ID #18] -> Adding IP alias: ifconfig eth2:18 10.1.6.105
          PMU17 [ID #17] -> Listening socket opened
PMU17 [ID #17] -> Lis          PMU14 [ID #14] -> Listening socket opened
PMU14 [ID #14] -> Listening socket options set
PMU14 [ID #14] -> Listening socket bound
PMU14 [ID #14] -> Listening socket queue set
PMU14 [ID #14] -> Waiting for a connection on port 7531
PMU14 [ID #14] -> Extended frame callback function registered
          tening socket options set
PMU17 [ID #17] -> Listening socket bound
PMU17 [ID #17] -> Listening socket queue set
PMU17 [ID #17] -> Waiting for a connection on port 7534
PMU17 [ID #17] -> Extended frame callback function registered
          PMU21 [ID #21] -> Adding IP alias: ifconfig eth2:21 10.1.6.108
          PMU20 [ID #20] -> Connection accepted
PMU20 [ID #20] -> Accepted socket options set
          PMU9 [ID #9] -> Connection accepted
PMU9 [ID #9] -> Accepted socket options set
          PMU7 [ID #7] -> Adding IP alias: ifconfig eth2:7 10.1.6.94
          PMU11 [ID #11] -> Connection accepted
PMU11 [ID #11] -> Accepted socket options set
          PMU13 [ID #13] -> Listening socket opened
PMU13 [ID #13] -> Lis          tening socket options set
PMU13 [ID #13] -> Listening socket bound
PMU13 [ID #13] -> Listening socket queue set
PMU13 [ID #13] -> Waiting for a connection on port 7530
PMU13 [ID #13] -> Extended frame callback function registered
          PMU1 [ID #1] -> Listening socket opened
PMU1 [ID #1] -> Lis          tening socket options set
PMU1 [ID #1] -> Listening socket bound
PMU1 [ID #1] -> Listening socket queue set
PMU1 [ID #1] -> Waiting for a connection on port 7518
PMU1 [ID #1] -> Extended frame callback function registered
          PMU12 [ID #12] -> Connection accepted
PMU12 [ID #12] -> Accepted socket options set
          PMU5 [ID #5] -> Listening socket opened
PMU5 [ID #5] -> Lis          tening socket options set
PMU5 [ID #5] -> Listening socket bound
PMU5 [ID #5] -> Listening socket queue set
PMU5 [ID #5] -> Waiting for a connection on port 7522
PMU5 [ID #5] -> Extended frame callback function registered
          PMU18 [ID #18] -> Listening socket opened
PMU18 [ID #18] -> Lis          tening socket options set
PMU18 [ID #18] -> Listening socket bound
PMU18 [ID #18] -> Listening socket queue set
PMU18 [ID #18] -> Waiting for a connection on port 7535
          PMU2 [ID #2] -> Connection accepted
PMU2 [ID #2] -> Accepted socket options set
          PMU6 [ID #6] -> Listening socket opened
PMU6 [ID #6] -> Lis          tening socket options set
PMU6 [ID #6] -> Listening socket bound
PMU6 [ID #6] -> Listening socket queue set
PMU6 [ID #6] -> Waiting for a connection on port 7523
PMU6 [ID #6] -> Extended frame callback function registered
          PMU21 [ID #21] -> Listening socket opened
PMU21 [ID #21] -> Listening socket options set
PMU21 [ID #21] -> Listening socket bound
PMU21 [ID #21] -> Listening socket queue set
PMU21 [ID #21] -> Waiting for a connection on port 7538
PMU21 [ID #21] -> Extended frame callback function registered
          PMU17 [ID #17] -> Connection accepted
PMU17 [ID #17] -> Accepted socket options set
          PMU14 [ID #14] -> Connection accepted
PMU14 [ID #14] -> Accepted socket options set
          PMU18 [ID #18] -> Extended frame callback function registered
          PMU7 [ID #7] -> Listening socket opened
PMU7 [ID #7] -> Listening socket options set
PMU7 [ID #7] -> Listening socket bound
PMU7 [ID #7] -> Listening socket queue set
PMU7 [ID #7] -> Waiting for a connection on port 7524
PMU7 [ID #7] -> Extended frame callback function registered
          PMU13 [ID #13] -> Connection accepted
PMU13 [ID #13] -> Accepted socket options set
          PMU1 [ID #1] -> Connection accepted
PMU1 [ID #1] -> Accepted socket options set
          PMU6 [ID #6] -> Connection accepted
PMU6 [ID #6] -> Accepted socket options set
          PMU18 [ID #18] -> Connection accepted
PMU18 [ID #18] -> Accept          ed socket options set
          PMU5 [ID #5] -> Connection accepted
PMU5 [ID #5] -> Accepted socket options set
          PMU21 [ID #21] -> Connection accepted
PMU21 [ID #21] -> Accepted socket options set
          PMU7 [ID #7] -> Connection accepted
PMU7 [ID #7] -> Accepted socket options set
          XHP mode disabled
WARNING:   [129600000]: STOP asked by the model.
           [129600000]: Reset
          		Wed May  8 12:41:59 2019

          PMU18 [ID #18] -> Closing accepted socket.
          PMU20 [ID #20] -> Closing accepted socket.
          PMU9 [ID #9] -> Closing accepted socket.
          PMU22 [ID #22] -> Closing accepted socket.
PMU22 [ID #22] -> Removing IP alias: ifconfig eth2:22 down
          PMU7 [ID #7] -> Closing accepted socket.
PMU7 [ID #7] -> Removing IP alias: ifco          nfig eth2:7 down
          PMU12 [ID #12] -> Closing accepted socket.
PMU12 [ID #12] -> Removing IP alias: ifconfig eth2:12 down
          PMU10 [ID #10] -> Closing accepted socket.
PMU10 [ID #10] -> Removing IP alias: ifconfig eth2:10 down
          PMU13 [ID #13] -> Closing accepted socket.
PMU13 [ID #13] -> Removing IP alias: ifconfig eth2:13 down
PMU13 [ID #13] -> Session closed

          PMU15 [ID #15] -> Closing accepted socket.
PMU15 [ID #15] -> Removing IP alias: ifconfig eth2:15 down
          PMU5 [ID #5] -> Closing accepted socket.
PMU5 [ID #5] -> Removing IP alias: ifconfig eth2:5 down
          PMU1 [ID #1] -> Closing accepted socket.
PMU1 [ID #1] -> Removing IP alias: ifco          nfig eth2:1 down
          PMU16 [ID #16] -> Closing accepted socket.
PMU16 [ID #16] -> Removing IP alias: ifconfig eth2:16 down
          PMU21 [ID #21] -> Closing accepted socket.
          PMU20 [ID #20] -> Removing IP alias: ifconf          ig eth2:20 down
          PMU9 [ID #9] -> Removing IP alias: ifconfig eth2:9 down
          PMU2 [ID #2] -> Closing accepted socket.
PMU2 [ID #2] -> Removing IP alias: ifco          nfig eth2:2 down
          PMU17 [ID #17] -> Closing accepted socket.
PMU17 [ID #17] -> Removing IP alias: ifco          nfig eth2:17 down
          PMU3 [ID #3] -> Closing accepted socket.
PMU3 [ID #3] -> Removing IP alias: ifco          nfig eth2:3 down
          PMU4 [ID #4] -> Closing accepted socket.
PMU4 [ID #4] -> Removing IP alias: ifco          nfig eth2:4 down
          PMU19 [ID #19] -> Closing accepted socket.
PMU19 [ID #19] -> Removing IP alias: ifconfig eth2:19 down
          PMU8 [ID #8] -> Closing accepted socket.
PMU8 [ID #8] -> Removing IP alias: ifco          nfig eth2:8 down
          PMU6 [ID #6] -> Closing accepted socket.
PMU6 [ID #6] -> Removing IP alias: ifco          nfig eth2:6 down
          PMU14 [ID #14] -> Closing accepted socket.
PMU14 [ID #14] -> Removing IP alias: ifco          nfig eth2:14 down
          PMU11 [ID #11] -> Closing accepted socket.
PMU11 [ID #11] -> Removing IP alias: ifco          PMU18 [ID #18] -> Removing IP alias: ifconfig eth2:18 down
          nfig eth2:11 down
          PMU21 [ID #21] -> Removing IP alias: ifconf          ig eth2:21 down
          PMU12 [ID #12] -> Session closed

          PMU19 [ID #19] -> Session closed

          PMU5 [ID #5] -> Session closed

          PMU9 [ID #9] -> Session closed

          PMU8 [ID #8] -> Session closed

          PMU7 [ID #7] -> Session closed

          PMU21 [ID #21] -> Session closed

          PMU6 [ID #6] -> Session closed

          PMU1 [ID #1] -> Session closed

          PMU3 [ID #3] -> Session closed

          PMU20 [ID #20] -> Session closed

          PMU22 [ID #22] -> Session closed

          PMU4 [ID #4] -> Session closed

          Close file done (/./Energise.mat)
          Reset done
          SEND: connection to host closed
Executing script /usr/opalrt/v11.3.5.119/common/python/rtlab/global/target_subsys_postreset.py ... done


--------------- Retrieving files ... ---------------------------------

Setting local directory to C:\Users\DETLDAQ\OPAL-RT\RT-LABv11.3_Workspace\GT_NG_PMU_DBUS\models\NG_PV_Dynamic_DBUS_PMUs\ng_pv_dynamic_dbus_pmus_ss_pmu\OpREDHAWKtarget\... OK.
Transferring in binary mode /Energise.mat ... OK.

--------------- Done retrieving files --------------------------------
