
--------------- Transferring files ... ------------------------------

Transferring in binary: C:\Users\DETLDAQ\OPAL-RT\RT-LABv2019.1_Workspace\Feeder_1_PV_Simulated\models\Feeder_1\feeder_1_ss_pmu\OpREDHAWKtarget\feeder_1_3_ss_pmu (SS_PMU) ... OK.
Transferring in ascii: C:\Users\DETLDAQ\OPAL-RT\RT-LABv2019.1_Workspace\Feeder_1_PV_Simulated\models\Feeder_1\pmu_in_cfg.xml (SS_PMU) ... OK.
Transferring in binary: C:\Users\DETLDAQ\OPAL-RT\RT-LABv2019.1_Workspace\Feeder_1_PV_Simulated\models\Feeder_1\feeder_1_ss_pmu\OpREDHAWKtarget\AsyncC37_118_Slave (SS_PMU) ... OK.
Transferring in binary: C:\Users\DETLDAQ\OPAL-RT\RT-LABv2019.1_Workspace\Feeder_1_PV_Simulated\models\Feeder_1\feeder_1_ss_pmu\OpREDHAWKtarget\Opal*Creator.data (SS_PMU) ... OK.
Transferring in binary: C:\Users\DETLDAQ\OPAL-RT\RT-LABv2019.1_Workspace\Feeder_1_PV_Simulated\models\Feeder_1\feeder_1_ss_pmu\OpREDHAWKtarget\settings.json (SS_PMU) ... OK.

--------------- Done transferring files -----------------------------


Executing script /usr/opalrt/v2019.1.0.140/common/python/rtlab/global/target_subsys_preload.py ... done
Root initialized: 10.1.2.3:25296/resources/root
Model 'feeder_1_3_ss_pmu' compiled in RELEASE mode.
8 CPUs active on this Computer
libOpalR2018B.a : v2019.1.0.140 (build = undefined)
Subsystem SM_Feeder1 allocates 1 cores.
Subsystem SS_PMU allocates 1 cores.
model feeder_1_3_ss_pmu assigned to logical cpu 2
Monitoring is enabled
RECV: connection to host established
SEND: connection to host established
A Unit delay is applied on status exchange.
Display of standard output will be disabled
          Asynchronous application 'AsyncC37_118_Slave' launched
          Asynchronous application 'AsyncC37_118_Slave' launched
          Asynchronous application 'AsyncC37_118_Slave' launched
          Asynchronous application 'AsyncC37_118_Slave' launched
          Asynchronous application 'AsyncC37_118_Slave' launched
          Asynchronous application 'AsyncC37_118_Slave' launched
          Asynchronous application 'AsyncC37_118_Slave' launched
          Asynchronous application 'AsyncC37_118_Slave' launched
          Asynchronous application 'AsyncC37_118_Slave' launched
          Asynchronous application 'AsyncC37_118_Slave' launched
          Asynchronous application 'AsyncC37_118_Slave' launched
          Asynchronous application 'AsyncC37_118_Slave' launched
          Asynchronous application 'AsyncC37_118_Slave' launched
          Asynchronous application 'AsyncC37_118_Slave' launched
          Asynchronous application 'AsyncC37_118_Slave' launched
          Asynchronous application 'AsyncC37_118_Slave' launched
          Asynchronous application 'AsyncC37_118_Slave' launched
          SubSystem step size = 0.000100 sec. Status updated at every 1 local step.
          XHP mode enabled on this CPU.
          Not synchronized: Time step is determined by reception of data from another subsystem.
          Real-time SingleTasking mode.
          RT-LAB license ok. Unlimited time license.
          Monitoring: start time = 3192.437 ms, using CPU speed = 3199 MHz
          Snapshot taken (opfeeder_1_ss_pmu_0.snap).
           [0]: PAUSE mode, IO set to pause value.
          		Fri May 17 13:32:24 2019

Starting transfer of /home/s1011745/c/users/detldaq/opal-rt/rt-labv2019.1_workspace/feeder_1_pv_simulated/models/feeder_1/feeder_1_ss_pmu/opfeeder_1_ss_pmu_0.snap...
Transfer of /home/s1011745/c/users/detldaq/opal-rt/rt-labv2019.1_workspace/feeder_1_pv_simulated/models/feeder_1/feeder_1_ss_pmu/opfeeder_1_ss_pmu_0.snap OK
          
----------------------------------------------------------------
Listing C37.118 block parameters:
----------------------------------------------------------------
PMU4 [ID #4] -> Device function:          Slave
PMU4 [ID #4] -> Core number               0
PMU4 [ID #4] -> Protocol:                 TCP
PMU4 [ID #4] -> Inputs config file:       pmu_in_cfg.xml
PMU4 [ID #4] -> Channel name:             eth2
PMU4 [ID #4] -> Local IP addr:            10.1.6.74
PMU4 [ID #4] -> Local TCP port:           7504
PMU4 [ID #4] -> Nominal frequency:        60 Hz
PMU4 [ID #4] -> Reporting data rate:      30 Hz
PMU4 [ID #4] -> Timebase:                 1000000   
PMU4 [ID #4] -> Timestamp input:          Enabled
----------------------------------------------------------------

----------------------------------------------------------------
Listing C37.118 input file parameters:
----------------------------------------------------------------
      Number of phasors:        6
      Phasor representation:    Polar
      Phaso          r format:            Floating point
      Phasor(0) name:           VA-PHASOR
      Phasor type(0):           Voltage
      Phasor(0) units:          100000
      Phasor(1) name:           VB-PHASOR
      Phasor type(1):           Voltage
      Phasor(1) units:          100000
      Phasor(2) name:           VC-PHASOR
      Phasor type(2):           Voltage
      Phasor(2) units:          100000
      Phasor(3) name:           IA-PHASOR
      Phasor type(3):           Current
      Phasor(3) units:          100000
      Phasor(4) name:           IB-PHASOR
      Phasor type(4):           Current
      Phasor(4) units:          100000
      Phasor(5) name:           IC-PHASOR
      Phasor type(5):           Current
      Phasor(5) units:          100000
      Number of analogs:        0
      Number of digitals:       0
      FREQ/DFREQ format:        Floating point
 ----------------------------------------------------------------
          
----------------------------------------------------------------
Listing C37.118 block parameters:
----------------------------------------------------------------
PMU2 [ID #2] -> Device function:          Slave
PMU2 [ID #2] -> Core number               0
PMU2 [ID #2] -> Protocol:                 TCP
PMU2 [ID #2] -> Inputs config file:       pmu_in_cfg.xml
PMU2 [ID #2] -> Channel name:             eth2
PMU2 [ID #2] -> Local IP addr:            10.1.6.72
PMU2 [ID #2] -> Local TCP port:           7502
PMU2 [ID #2] -> Nominal frequency:        60 Hz
PMU2 [ID #2] -> Reporting data rate:      30 Hz
PMU2 [ID #2] -> Timebase:                 1000000   
PMU2 [ID #2] -> Timestamp input:          Enabled
----------------------------------------------------------------

----------------------------------------------------------------
Listing C37.118 input file parameters:
----------------------------------------------------------------
      Number of phasors:        6
      Phasor representation:    Polar
      Phaso          r format:            Floating point
      Phasor(0) name:           VA-PHASOR
      Phasor type(0):           Voltage
      Phasor(0) units:          100000
      Phasor(1) name:           VB-PHASOR
      Phasor type(1):           Voltage
      Phasor(1) units:          100000
      Phasor(2) name:           VC-PHASOR
      Phasor type(2):           Voltage
      Phasor(2) units:          100000
      Phasor(3) name:           IA-PHASOR
      Phasor type(3):           Current
      Phasor(3) units:          100000
      Phasor(4) name:           IB-PHASOR
      Phasor type(4):           Current
      Phasor(4) units:          100000
      Phasor(5) name:           IC-PHASOR
      Phasor type(5):           Current
      Phasor(5) units:          100000
      Number of analogs:        0
      Number of digitals:       0
      FREQ/DFREQ format:        Floating point
 ----------------------------------------------------------------
          
----------------------------------------------------------------
Listing C37.118 block parameters:
----------------------------------------------------------------
PMU6 [ID #6] -> Device function:          Slave
PMU6 [ID #6] -> Core number               0
PMU6 [ID #6] -> Protocol:                 TCP
PMU6 [ID #6] -> Inputs config file:       pmu_in_cfg.xml
PMU6 [ID #6] -> Channel name:             eth2
PMU6 [ID #6] -> Local IP addr:            10.1.6.76
PMU6 [ID #6] -> Local TCP port:           7506
PMU6 [ID #6] -> Nominal frequency:        60 Hz
PMU6 [ID #6] -> Reporting data rate:      30 Hz
PMU6 [ID #6] -> Timebase:                 1000000   
PMU6 [ID #6] -> Timestamp input:          Enabled
----------------------------------------------------------------

----------------------------------------------------------------
Listing C37.118 input file parameters:
----------------------------------------------------------------
      Number of phasors:        6
      Phasor representation:    Polar
      Phaso          r format:            Floating point
      Phasor(0) name:           VA-PHASOR
      Phasor type(0):           Voltage
      Phasor(0) units:          100000
      Phasor(1) name:           VB-PHASOR
      Phasor type(1):           Voltage
      Phasor(1) units:          100000
      Phasor(2) name:           VC-PHASOR
      Phasor type(2):           Voltage
      Phasor(2) units:          100000
      Phasor(3) name:           IA-PHASOR
      Phasor type(3):           Current
      Phasor(3) units:          100000
      Phasor(4) name:           IB-PHASOR
      Phasor type(4):           Current
      Phasor(4) units:          100000
      Phasor(5) name:           IC-PHASOR
      Phasor type(5):           Current
      Phasor(5) units:          100000
      Number of analogs:        0
      Number of digitals:       0
      FREQ/DFREQ format:        Floating point
 ----------------------------------------------------------------
          
----------------------------------------------------------------
Listing C37.118 block parameters:
----------------------------------------------------------------
PMU15 [ID #15] -> Device function:          Slave
PMU15 [ID #15] -> Core number               0
PMU15 [ID #15] -> Protocol:                 TCP
PMU15 [ID #15] -> Inputs config file:       pmu_in_cfg.xml
PMU15 [ID #15] -> Channel name:             eth2
PMU15 [ID #15] -> Local IP addr:            10.1.6.85
PMU15 [ID #15] -> Local TCP port:           7515
PMU15 [ID #15] -> Nominal frequency:        60 Hz
PMU15 [ID #15] -> Reporting data rate:      30 Hz
PMU15 [ID #15] -> Timebase:                 1000000   
PMU15 [ID #15] -> Timestamp input:          Enabled
----------------------------------------------------------------

----------------------------------------------------------------
Listing C37.118 input file parameters:
----------------------------------------------------------------
      Number of phasors:        6
      Phasor representation          :    Polar
      Phasor format:            Floating point
      Phasor(0) name:           VA-PHASOR
      Phasor type(0):           Voltage
      Phasor(0) units:          100000
      Phasor(1) name:           VB-PHASOR
      Phasor type(1):           Voltage
      Phasor(1) units:          100000
      Phasor(2) name:           VC-PHASOR
      Phasor type(2):           Voltage
      Phasor(2) units:          100000
      Phasor(3) name:           IA-PHASOR
      Phasor type(3):           Current
      Phasor(3) units:          100000
      Phasor(4) name:           IB-PHASOR
      Phasor type(4):           Current
      Phasor(4) units:          100000
      Phasor(5) name:           IC-PHASOR
      Phasor type(5):           Current
      Phasor(5) units:          100000
      Number of analogs:        0
      Number of digitals:       0
      FREQ/DFREQ format:        Floating point
 ----------------------------------------------------------------
          
----------------------------------------------------------------
Listing C37.118 block parameters:
----------------------------------------------------------------
PMU16 [ID #16] -> Device function:          Slave
PMU16 [ID #16] -> Core number               0
PMU16 [ID #16] -> Protocol:                 TCP
PMU16 [ID #16] -> Inputs config file:       pmu_in_cfg.xml
PMU16 [ID #16] -> Channel name:             eth2
PMU16 [ID #16] -> Local IP addr:            10.1.6.86
PMU16 [ID #16] -> Local TCP port:           7516
PMU16 [ID #16] -> Nominal frequency:        60 Hz
PMU16 [ID #16] -> Reporting data rate:      30 Hz
PMU16 [ID #16] -> Timebase:                 1000000   
PMU16 [ID #16] -> Timestamp input:          Enabled
----------------------------------------------------------------

----------------------------------------------------------------
Listing C37.118 input file parameters:
----------------------------------------------------------------
      Number of phasors:        6
      Phasor representation          :    Polar
      Phasor format:            Floating point
      Phasor(0) name:           VA-PHASOR
      Phasor type(0):           Voltage
      Phasor(0) units:          100000
      Phasor(1) name:           VB-PHASOR
      Phasor type(1):           Voltage
      Phasor(1) units:          100000
      Phasor(2) name:           VC-PHASOR
      Phasor type(2):           Voltage
      Phasor(2) units:          100000
      Phasor(3) name:           IA-PHASOR
      Phasor type(3):           Current
      Phasor(3) units:          100000
      Phasor(4) name:           IB-PHASOR
      Phasor type(4):           Current
      Phasor(4) units:          100000
      Phasor(5) name:           IC-PHASOR
      Phasor type(5):           Current
      Phasor(5) units:          100000
      Number of analogs:        0
      Number of digitals:       0
      FREQ/DFREQ format:        Floating point
 ----------------------------------------------------------------
          
----------------------------------------------------------------
Listing C37.118 block parameters:
----------------------------------------------------------------
PMU11 [ID #11] -> Device function:          Slave
PMU11 [ID #11] -> Core number               0
PMU11 [ID #11] -> Protocol:                 TCP
PMU11 [ID #11] -> Inputs config file:       pmu_in_cfg.xml
PMU11 [ID #11] -> Channel name:             eth2
PMU11 [ID #11] -> Local IP addr:            10.1.6.81
PMU11 [ID #11] -> Local TCP port:           7511
PMU11 [ID #11] -> Nominal frequency:        60 Hz
PMU11 [ID #11] -> Reporting data rate:      30 Hz
PMU11 [ID #11] -> Timebase:                 1000000   
PMU11 [ID #11] -> Timestamp input:          Enabled
----------------------------------------------------------------

----------------------------------------------------------------
Listing C37.118 input file parameters:
----------------------------------------------------------------
      Number of phasors:        6
      Phasor representation          :    Polar
      Phasor format:            Floating point
      Phasor(0) name:           VA-PHASOR
      Phasor type(0):           Voltage
      Phasor(0) units:          100000
      Phasor(1) name:           VB-PHASOR
      Phasor type(1):           Voltage
      Phasor(1) units:          100000
      Phasor(2) name:           VC-PHASOR
      Phasor type(2):           Voltage
      Phasor(2) units:          100000
      Phasor(3) name:           IA-PHASOR
      Phasor type(3):           Current
      Phasor(3) units:          100000
      Phasor(4) name:           IB-PHASOR
      Phasor type(4):           Current
      Phasor(4) units:          100000
      Phasor(5) name:           IC-PHASOR
      Phasor type(5):           Current
      Phasor(5) units:          100000
      Number of analogs:        0
      Number of digitals:       0
      FREQ/DFREQ format:        Floating point
 ----------------------------------------------------------------
          
----------------------------------------------------------------
Listing C37.118 block parameters:
----------------------------------------------------------------
PMU9 [ID #9] -> Device function:          Slave
PMU9 [ID #9] -> Core number               0
PMU9 [ID #9] -> Protocol:                 TCP
PMU9 [ID #9] -> Inputs config file:       pmu_in_cfg.xml
PMU9 [ID #9] -> Channel name:             eth2
PMU9 [ID #9] -> Local IP addr:            10.1.6.79
PMU9 [ID #9] -> Local TCP port:           7509
PMU9 [ID #9] -> Nominal frequency:        60 Hz
PMU9 [ID #9] -> Reporting data rate:      30 Hz
PMU9 [ID #9] -> Timebase:                 1000000   
PMU9 [ID #9] -> Timestamp input:          Enabled
----------------------------------------------------------------

----------------------------------------------------------------
Listing C37.118 input file parameters:
----------------------------------------------------------------
      Number of phasors:        6
      Phasor representation:    Polar
      Phaso          r format:            Floating point
      Phasor(0) name:           VA-PHASOR
      Phasor type(0):           Voltage
      Phasor(0) units:          100000
      Phasor(1) name:           VB-PHASOR
      Phasor type(1):           Voltage
      Phasor(1) units:          100000
      Phasor(2) name:           VC-PHASOR
      Phasor type(2):           Voltage
      Phasor(2) units:          100000
      Phasor(3) name:           IA-PHASOR
      Phasor type(3):           Current
      Phasor(3) units:          100000
      Phasor(4) name:           IB-PHASOR
      Phasor type(4):           Current
      Phasor(4) units:          100000
      Phasor(5) name:           IC-PHASOR
      Phasor type(5):           Current
      Phasor(5) units:          100000
      Number of analogs:        0
      Number of digitals:       0
      FREQ/DFREQ format:        Floating point
 ----------------------------------------------------------------
          
----------------------------------------------------------------
Listing C37.118 block parameters:
----------------------------------------------------------------
PMU12 [ID #12] -> Device function:          Slave
PMU12 [ID #12] -> Core number               0
PMU12 [ID #12] -> Protocol:                 TCP
PMU12 [ID #12] -> Inputs config file:       pmu_in_cfg.xml
PMU12 [ID #12] -> Channel name:             eth2
PMU12 [ID #12] -> Local IP addr:            10.1.6.82
PMU12 [ID #12] -> Local TCP port:           7512
PMU12 [ID #12] -> Nominal frequency:        60 Hz
PMU12 [ID #12] -> Reporting data rate:      30 Hz
PMU12 [ID #12] -> Timebase:                 1000000   
PMU12 [ID #12] -> Timestamp input:          Enabled
----------------------------------------------------------------

----------------------------------------------------------------
Listing C37.118 input file parameters:
----------------------------------------------------------------
      Number of phasors:        6
      Phasor representation          :    Polar
      Phasor format:            Floating point
      Phasor(0) name:           VA-PHASOR
      Phasor type(0):           Voltage
      Phasor(0) units:          100000
      Phasor(1) name:           VB-PHASOR
      Phasor type(1):           Voltage
      Phasor(1) units:          100000
      Phasor(2) name:           VC-PHASOR
      Phasor type(2):           Voltage
      Phasor(2) units:          100000
      Phasor(3) name:           IA-PHASOR
      Phasor type(3):           Current
      Phasor(3) units:          100000
      Phasor(4) name:           IB-PHASOR
      Phasor type(4):           Current
      Phasor(4) units:          100000
      Phasor(5) name:           IC-PHASOR
      Phasor type(5):           Current
      Phasor(5) units:          100000
      Number of analogs:        0
      Number of digitals:       0
      FREQ/DFREQ format:        Floating point
 ----------------------------------------------------------------
          
----------------------------------------------------------------
Listing C37.118 block parameters:
----------------------------------------------------------------
PMU14 [ID #14] -> Device function:          Slave
PMU14 [ID #14] -> Core number               0
PMU14 [ID #14] -> Protocol:                 TCP
PMU14 [ID #14] -> Inputs config file:       pmu_in_cfg.xml
PMU14 [ID #14] -> Channel name:             eth2
PMU14 [ID #14] -> Local IP addr:            10.1.6.84
PMU14 [ID #14] -> Local TCP port:           7514
PMU14 [ID #14] -> Nominal frequency:        60 Hz
PMU14 [ID #14] -> Reporting data rate:      30 Hz
PMU14 [ID #14] -> Timebase:                 1000000   
PMU14 [ID #14] -> Timestamp input:          Enabled
----------------------------------------------------------------

----------------------------------------------------------------
Listing C37.118 input file parameters:
----------------------------------------------------------------
      Number of phasors:        6
      Phasor representation          :    Polar
      Phasor format:            Floating point
      Phasor(0) name:           VA-PHASOR
      Phasor type(0):           Voltage
      Phasor(0) units:          100000
      Phasor(1) name:           VB-PHASOR
      Phasor type(1):           Voltage
      Phasor(1) units:          100000
      Phasor(2) name:           VC-PHASOR
      Phasor type(2):           Voltage
      Phasor(2) units:          100000
      Phasor(3) name:           IA-PHASOR
      Phasor type(3):           Current
      Phasor(3) units:          100000
      Phasor(4) name:           IB-PHASOR
      Phasor type(4):           Current
      Phasor(4) units:          100000
      Phasor(5) name:           IC-PHASOR
      Phasor type(5):           Current
      Phasor(5) units:          100000
      Number of analogs:        0
      Number of digitals:       0
      FREQ/DFREQ format:        Floating point
 ----------------------------------------------------------------
          
----------------------------------------------------------------
Listing C37.118 block parameters:
----------------------------------------------------------------
PMU10 [ID #10] -> Device function:          Slave
PMU10 [ID #10] -> Core number               0
PMU10 [ID #10] -> Protocol:                 TCP
PMU10 [ID #10] -> Inputs config file:       pmu_in_cfg.xml
PMU10 [ID #10] -> Channel name:             eth2
PMU10 [ID #10] -> Local IP addr:            10.1.6.80
PMU10 [ID #10] -> Local TCP port:           7510
PMU10 [ID #10] -> Nominal frequency:        60 Hz
PMU10 [ID #10] -> Reporting data rate:      30 Hz
PMU10 [ID #10] -> Timebase:                 1000000   
PMU10 [ID #10] -> Timestamp input:          Enabled
----------------------------------------------------------------

----------------------------------------------------------------
Listing C37.118 input file parameters:
----------------------------------------------------------------
      Number of phasors:        6
      Phasor representation          :    Polar
      Phasor format:            Floating point
      Phasor(0) name:           VA-PHASOR
      Phasor type(0):           Voltage
      Phasor(0) units:          100000
      Phasor(1) name:           VB-PHASOR
      Phasor type(1):           Voltage
      Phasor(1) units:          100000
      Phasor(2) name:           VC-PHASOR
      Phasor type(2):           Voltage
      Phasor(2) units:          100000
      Phasor(3) name:           IA-PHASOR
      Phasor type(3):           Current
      Phasor(3) units:          100000
      Phasor(4) name:           IB-PHASOR
      Phasor type(4):           Current
      Phasor(4) units:          100000
      Phasor(5) name:           IC-PHASOR
      Phasor type(5):           Current
      Phasor(5) units:          100000
      Number of analogs:        0
      Number of digitals:       0
      FREQ/DFREQ format:        Floating point
 ----------------------------------------------------------------
          
----------------------------------------------------------------
Listing C37.118 block parameters:
----------------------------------------------------------------
PMU3 [ID #3] -> Device function:          Slave
PMU3 [ID #3] -> Core number               0
PMU3 [ID #3] -> Protocol:                 TCP
PMU3 [ID #3] -> Inputs config file:       pmu_in_cfg.xml
PMU3 [ID #3] -> Channel name:             eth2
PMU3 [ID #3] -> Local IP addr:            10.1.6.73
PMU3 [ID #3] -> Local TCP port:           7503
PMU3 [ID #3] -> Nominal frequency:        60 Hz
PMU3 [ID #3] -> Reporting data rate:      30 Hz
PMU3 [ID #3] -> Timebase:                 1000000   
PMU3 [ID #3] -> Timestamp input:          Enabled
----------------------------------------------------------------

----------------------------------------------------------------
Listing C37.118 input file parameters:
----------------------------------------------------------------
      Number of phasors:        6
      Phasor representation:    Polar
      Phaso          r format:            Floating point
      Phasor(0) name:           VA-PHASOR
      Phasor type(0):           Voltage
      Phasor(0) units:          100000
      Phasor(1) name:           VB-PHASOR
      Phasor type(1):           Voltage
      Phasor(1) units:          100000
      Phasor(2) name:           VC-PHASOR
      Phasor type(2):           Voltage
      Phasor(2) units:          100000
      Phasor(3) name:           IA-PHASOR
      Phasor type(3):           Current
      Phasor(3) units:          100000
      Phasor(4) name:           IB-PHASOR
      Phasor type(4):           Current
      Phasor(4) units:          100000
      Phasor(5) name:           IC-PHASOR
      Phasor type(5):           Current
      Phasor(5) units:          100000
      Number of analogs:        0
      Number of digitals:       0
      FREQ/DFREQ format:        Floating point
 ----------------------------------------------------------------
          
----------------------------------------------------------------
Listing C37.118 block parameters:
----------------------------------------------------------------
PMU7 [ID #7] -> Device function:          Slave
PMU7 [ID #7] -> Core number               0
PMU7 [ID #7] -> Protocol:                 TCP
PMU7 [ID #7] -> Inputs config file:       pmu_in_cfg.xml
PMU7 [ID #7] -> Channel name:             eth2
PMU7 [ID #7] -> Local IP addr:            10.1.6.77
PMU7 [ID #7] -> Local TCP port:           7507
PMU7 [ID #7] -> Nominal frequency:        60 Hz
PMU7 [ID #7] -> Reporting data rate:      30 Hz
PMU7 [ID #7] -> Timebase:                 1000000   
PMU7 [ID #7] -> Timestamp input:          Enabled
----------------------------------------------------------------

----------------------------------------------------------------
Listing C37.118 input file parameters:
----------------------------------------------------------------
      Number of phasors:        6
      Phasor representation:    Polar
      Phaso          r format:            Floating point
      Phasor(0) name:           VA-PHASOR
      Phasor type(0):           Voltage
      Phasor(0) units:          100000
      Phasor(1) name:           VB-PHASOR
      Phasor type(1):           Voltage
      Phasor(1) units:          100000
      Phasor(2) name:           VC-PHASOR
      Phasor type(2):           Voltage
      Phasor(2) units:          100000
      Phasor(3) name:           IA-PHASOR
      Phasor type(3):           Current
      Phasor(3) units:          100000
      Phasor(4) name:           IB-PHASOR
      Phasor type(4):           Current
      Phasor(4) units:          100000
      Phasor(5) name:           IC-PHASOR
      Phasor type(5):           Current
      Phasor(5) units:          100000
      Number of analogs:        0
      Number of digitals:       0
      FREQ/DFREQ format:        Floating point
 ----------------------------------------------------------------
          
----------------------------------------------------------------
Listing C37.118 block parameters:
----------------------------------------------------------------
PMU5 [ID #5] -> Device function:          Slave
PMU5 [ID #5] -> Core number               0
PMU5 [ID #5] -> Protocol:                 TCP
PMU5 [ID #5] -> Inputs config file:       pmu_in_cfg.xml
PMU5 [ID #5] -> Channel name:             eth2
PMU5 [ID #5] -> Local IP addr:            10.1.6.75
PMU5 [ID #5] -> Local TCP port:           7506
PMU5 [ID #5] -> Nominal frequency:        60 Hz
PMU5 [ID #5] -> Reporting data rate:      30 Hz
PMU5 [ID #5] -> Timebase:                 1000000   
PMU5 [ID #5] -> Timestamp input:          Enabled
----------------------------------------------------------------

----------------------------------------------------------------
Listing C37.118 input file parameters:
----------------------------------------------------------------
      Number of phasors:        6
      Phasor representation:    Polar
      Phaso          r format:            Floating point
      Phasor(0) name:           VA-PHASOR
      Phasor type(0):           Voltage
      Phasor(0) units:          100000
      Phasor(1) name:           VB-PHASOR
      Phasor type(1):           Voltage
      Phasor(1) units:          100000
      Phasor(2) name:           VC-PHASOR
      Phasor type(2):           Voltage
      Phasor(2) units:          100000
      Phasor(3) name:           IA-PHASOR
      Phasor type(3):           Current
      Phasor(3) units:          100000
      Phasor(4) name:           IB-PHASOR
      Phasor type(4):           Current
      Phasor(4) units:          100000
      Phasor(5) name:           IC-PHASOR
      Phasor type(5):           Current
      Phasor(5) units:          100000
      Number of analogs:        0
      Number of digitals:       0
      FREQ/DFREQ format:        Floating point
 ----------------------------------------------------------------
          
----------------------------------------------------------------
Listing C37.118 block parameters:
----------------------------------------------------------------
PMU13 [ID #13] -> Device function:          Slave
PMU13 [ID #13] -> Core number               0
PMU13 [ID #13] -> Protocol:                 TCP
PMU13 [ID #13] -> Inputs config file:       pmu_in_cfg.xml
PMU13 [ID #13] -> Channel name:             eth2
PMU13 [ID #13] -> Local IP addr:            10.1.6.83
PMU13 [ID #13] -> Local TCP port:           7513
PMU13 [ID #13] -> Nominal frequency:        60 Hz
PMU13 [ID #13] -> Reporting data rate:      30 Hz
PMU13 [ID #13] -> Timebase:                 1000000   
PMU13 [ID #13] -> Timestamp input:          Enabled
----------------------------------------------------------------

----------------------------------------------------------------
Listing C37.118 input file parameters:
----------------------------------------------------------------
      Number of phasors:        6
      Phasor representation          :    Polar
      Phasor format:            Floating point
      Phasor(0) name:           VA-PHASOR
      Phasor type(0):           Voltage
      Phasor(0) units:          100000
      Phasor(1) name:           VB-PHASOR
      Phasor type(1):           Voltage
      Phasor(1) units:          100000
      Phasor(2) name:           VC-PHASOR
      Phasor type(2):           Voltage
      Phasor(2) units:          100000
      Phasor(3) name:           IA-PHASOR
      Phasor type(3):           Current
      Phasor(3) units:          100000
      Phasor(4) name:           IB-PHASOR
      Phasor type(4):           Current
      Phasor(4) units:          100000
      Phasor(5) name:           IC-PHASOR
      Phasor type(5):           Current
      Phasor(5) units:          100000
      Number of analogs:        0
      Number of digitals:       0
      FREQ/DFREQ format:        Floating point
 ----------------------------------------------------------------
          
----------------------------------------------------------------
Listing C37.118 block parameters:
----------------------------------------------------------------
PMU8 [ID #8] -> Device function:          Slave
PMU8 [ID #8] -> Core number               0
PMU8 [ID #8] -> Protocol:                 TCP
PMU8 [ID #8] -> Inputs config file:       pmu_in_cfg.xml
PMU8 [ID #8] -> Channel name:             eth2
PMU8 [ID #8] -> Local IP addr:            10.1.6.78
PMU8 [ID #8] -> Local TCP port:           7508
PMU8 [ID #8] -> Nominal frequency:        60 Hz
PMU8 [ID #8] -> Reporting data rate:      30 Hz
PMU8 [ID #8] -> Timebase:                 1000000   
PMU8 [ID #8] -> Timestamp input:          Enabled
----------------------------------------------------------------

----------------------------------------------------------------
Listing C37.118 input file parameters:
----------------------------------------------------------------
      Number of phasors:        6
      Phasor representation:    Polar
      Phaso          r format:            Floating point
      Phasor(0) name:           VA-PHASOR
      Phasor type(0):           Voltage
      Phasor(0) units:          100000
      Phasor(1) name:           VB-PHASOR
      Phasor type(1):           Voltage
      Phasor(1) units:          100000
      Phasor(2) name:           VC-PHASOR
      Phasor type(2):           Voltage
      Phasor(2) units:          100000
      Phasor(3) name:           IA-PHASOR
      Phasor type(3):           Current
      Phasor(3) units:          100000
      Phasor(4) name:           IB-PHASOR
      Phasor type(4):           Current
      Phasor(4) units:          100000
      Phasor(5) name:           IC-PHASOR
      Phasor type(5):           Current
      Phasor(5) units:          100000
      Number of analogs:        0
      Number of digitals:       0
      FREQ/DFREQ format:        Floating point
 ----------------------------------------------------------------
          
----------------------------------------------------------------
Listing C37.118 block parameters:
----------------------------------------------------------------
PMU1 [ID #1] -> Device function:          Slave
PMU1 [ID #1] -> Core number               0
PMU1 [ID #1] -> Protocol:                 TCP
PMU1 [ID #1] -> Inputs config file:       pmu_in_cfg.xml
PMU1 [ID #1] -> Channel name:             eth2
PMU1 [ID #1] -> Local IP addr:            10.1.6.71
PMU1 [ID #1] -> Local TCP port:           7501
PMU1 [ID #1] -> Nominal frequency:        60 Hz
PMU1 [ID #1] -> Reporting data rate:      30 Hz
PMU1 [ID #1] -> Timebase:                 1000000   
PMU1 [ID #1] -> Timestamp input:          Enabled
----------------------------------------------------------------

----------------------------------------------------------------
Listing C37.118 input file parameters:
----------------------------------------------------------------
      Number of phasors:        6
      Phasor representation:    Polar
      Phaso          r format:            Floating point
      Phasor(0) name:           VA-PHASOR
      Phasor type(0):           Voltage
      Phasor(0) units:          100000
      Phasor(1) name:           VB-PHASOR
      Phasor type(1):           Voltage
      Phasor(1) units:          100000
      Phasor(2) name:           VC-PHASOR
      Phasor type(2):           Voltage
      Phasor(2) units:          100000
      Phasor(3) name:           IA-PHASOR
      Phasor type(3):           Current
      Phasor(3) units:          100000
      Phasor(4) name:           IB-PHASOR
      Phasor type(4):           Current
      Phasor(4) units:          100000
      Phasor(5) name:           IC-PHASOR
      Phasor type(5):           Current
      Phasor(5) units:          100000
      Number of analogs:        0
      Number of digitals:       0
      FREQ/DFREQ format:        Floating point
 ----------------------------------------------------------------
          
----------------------------------------------------------------
Listing C37.118 block parameters:
----------------------------------------------------------------
PMU17 [ID #17] -> Device function:          Slave
PMU17 [ID #17] -> Core number               0
PMU17 [ID #17] -> Protocol:                 TCP
PMU17 [ID #17] -> Inputs config file:       pmu_in_cfg.xml
PMU17 [ID #17] -> Channel name:             eth2
PMU17 [ID #17] -> Local IP addr:            10.1.6.87
PMU17 [ID #17] -> Local TCP port:           7517
PMU17 [ID #17] -> Nominal frequency:        60 Hz
PMU17 [ID #17] -> Reporting data rate:      30 Hz
PMU17 [ID #17] -> Timebase:                 1000000   
PMU17 [ID #17] -> Timestamp input:          Enabled
----------------------------------------------------------------

----------------------------------------------------------------
Listing C37.118 input file parameters:
----------------------------------------------------------------
      Number of phasors:        6
      Phasor representation          :    Polar
      Phasor format:            Floating point
      Phasor(0) name:           VA-PHASOR
      Phasor type(0):           Voltage
      Phasor(0) units:          100000
      Phasor(1) name:           VB-PHASOR
      Phasor type(1):           Voltage
      Phasor(1) units:          100000
      Phasor(2) name:           VC-PHASOR
      Phasor type(2):           Voltage
      Phasor(2) units:          100000
      Phasor(3) name:           IA-PHASOR
      Phasor type(3):           Current
      Phasor(3) units:          100000
      Phasor(4) name:           IB-PHASOR
      Phasor type(4):           Current
      Phasor(4) units:          100000
      Phasor(5) name:           IC-PHASOR
      Phasor type(5):           Current
      Phasor(5) units:          100000
      Number of analogs:        0
      Number of digitals:       0
      FREQ/DFREQ format:        Floating point
 ----------------------------------------------------------------
           [0]: Reset
          		Fri May 17 13:32:34 2019

          Reset done
          SEND: connection to host closed
Executing script /usr/opalrt/v2019.1.0.140/common/python/rtlab/global/target_subsys_postreset.py ... done


--------------- Retrieving files ... ---------------------------------

Setting local directory to C:\Users\DETLDAQ\OPAL-RT\RT-LABv2019.1_Workspace\Feeder_1_PV_Simulated\models\Feeder_1\feeder_1_ss_pmu\OpREDHAWKtarget\... OK.

--------------- Done retrieving files --------------------------------
