
--------------- Transferring files ... ------------------------------

Transferring in binary: C:\Users\DETLDAQ\OPAL-RT\RT-LABv2019.1_Workspace\Feeder_1_PV_Simulated\models\Feeder_1\feeder_1_sm_feeder1\OpREDHAWKtarget\feeder_1_1_sm_feeder1 (SM_Feeder1) ... OK.
Transferring in ascii: C:\Users\DETLDAQ\OPAL-RT\RT-LABv2019.1_Workspace\Feeder_1_PV_Simulated\models\Feeder_1\pmu_in_cfg.xml (SM_Feeder1) ... OK.
Transferring in binary: C:\Users\DETLDAQ\OPAL-RT\RT-LABv2019.1_Workspace\Feeder_1_PV_Simulated\models\Feeder_1\feeder_1_sm_feeder1\OpREDHAWKtarget\AsyncEthernet (SM_Feeder1) ... OK.
Transferring in binary: C:\Users\DETLDAQ\OPAL-RT\RT-LABv2019.1_Workspace\Feeder_1_PV_Simulated\models\Feeder_1\ML605_2-EX-0029-2_2_6_61-32Aio_32DioSelectable-01-01.bin (SM_Feeder1) ... OK.
Transferring in binary: C:\Users\DETLDAQ\OPAL-RT\RT-LABv2019.1_Workspace\Feeder_1_PV_Simulated\models\Feeder_1\feeder_1_1_sm_feeder1_powergui_EquivalentModel1_State-Space.ssn (SM_Feeder1) ... OK.
Transferring in binary: C:\Users\DETLDAQ\OPAL-RT\RT-LABv2019.1_Workspace\Feeder_1_PV_Simulated\models\Feeder_1\feeder_1_sm_feeder1\OpREDHAWKtarget\Opal*Creator.data (SM_Feeder1) ... OK.
Transferring in binary: C:\Users\DETLDAQ\OPAL-RT\RT-LABv2019.1_Workspace\Feeder_1_PV_Simulated\models\Feeder_1\feeder_1_sm_feeder1\OpREDHAWKtarget\settings.json (SM_Feeder1) ... OK.

--------------- Done transferring files -----------------------------


Executing script /usr/opalrt/v2019.1.0.140/common/python/rtlab/global/target_preload.py ... done
Executing script /usr/opalrt/v2019.1.0.140/common/python/rtlab/global/target_subsys_preload.py ... done

Flashing FPGA #0 bitstream. This can take some time. Do not reset your target until flash_update completes.


Flashing FPGA #0 bitstream : '/home/s1011745/c/users/detldaq/opal-rt/rt-labv2019.1_workspace/feeder_1_pv_simulated/models/feeder_1/feeder_1_sm_feeder1/ML605_2-EX-0029-2_2_6_61-32Aio_32DioSelectable-01-01.bin' ...
WARNING: Flash programming was skipped because the same bitstream was already programmed in the FPGA.
Note that you can set the User Variable FPGA_BITSTREAM_FORCE_OPTION to ON for forcing the reprogramming of the board.
 
Root initialized: 10.1.2.3:25295/resources/root
Model 'feeder_1_1_sm_feeder1' compiled in RELEASE mode.
8 CPUs active on this Computer
libOpalR2018B.a : v2019.1.0.140 (build = undefined)
Subsystem SM_Feeder1 allocates 1 cores.
Subsystem SS_PMU allocates 1 cores.
model feeder_1_1_sm_feeder1 assigned to logical cpu 1
Monitoring is enabled
RECV: connection to host established
SEND: connection to host established
A Unit delay is applied on status exchange.
Display of standard output will be disabled
Monitoring: start time = 0.000 ms, using CPU speed = 3199 MHz
SSN: Structure feeder_1_1_sm_feeder1_powergui_EquivalentModel1_State-Space.ssn loaded

SSN: Version : 1.9
          SSN: File Name : feeder_1_1_sm_feeder1
          SSN: Structure SPS saved : Fri May 17 13:25:48 2019


ssn_sfun_v1.c       : the SSN group #0 has 138 states
ssn_sfun_v1.c       : The S-function requires 138 states. 1000000 states are allowed on your license
TSync PCIe Ctrl : Initial model step size = 0.000100
WARNING:  ML605EX1 'ML605EX1 Ctrl': Hardware mismatch : ID for slot 2 / section B is 'EMPTY' (FF) instead of 'AIN' (C1)
          Asynchronous application 'AsyncEthernet' launched
          SubSystem step size = 0.000100 sec. Status updated at every 1 local step.
          XHP mode enabled on this CPU.
          Synchronized with hardware timer.
          Real-time SingleTasking mode.
          RT-LAB license ok. Unlimited time license.
          Snapshot taken (opfeeder_1_sm_feeder1_0.snap).
           [0]: PAUSE mode, IO set to pause value.
          		Total of 0 Overrun detected.
          		Fri May 17 13:32:24 2019

          
------------------------------------------------------------------------
 DBUS[1] communication interface configuration:
------------------------------------------------------------------------
DBUS[1] -> Device ID:                      1
DBUS[1] -> Number of data to send:         12
DBUS[1] -> Type of data to send:           FLOATING POINT (32-bits)
DBUS[1] -> Transmission buffer offset:     0 bytes
DBUS[1] -> Swap data before transmission:  enabled
DBUS[1] -> Number of data to receive:      6
DBUS[1] -> Type of data to receive:        FLOATING POINT (32-bits)
DBUS[1] -> Reception buffer offset:        0 bytes
DBUS[1] -> Swap data after reception:      enabled
DBUS[1] -> Network interface:              eth0
DBUS[1] -> Protocol:                       TCP
DBUS[1] -> TCP mode:                       Client
DBUS[1] -> Port:                           6340
DBUS[1] -> Remote IP address:              10.1.2.2
------------------------------------------------------------------------

Starting transfer of /home/s1011745/c/users/detldaq/opal-rt/rt-labv2019.1_workspace/feeder_1_pv_simulated/models/feeder_1/feeder_1_sm_feeder1/opfeeder_1_sm_feeder1_0.snap...
Transfer of /home/s1011745/c/users/detldaq/opal-rt/rt-labv2019.1_workspace/feeder_1_pv_simulated/models/feeder_1/feeder_1_sm_feeder1/opfeeder_1_sm_feeder1_0.snap OK
           [0]: Reset
          		Total of 0 Overrun detected.
          		Fri May 17 13:32:34 2019

          Reset done
          SEND: connection to host closed
Executing script /usr/opalrt/v2019.1.0.140/common/python/rtlab/global/target_postreset.py ... done
Executing script /usr/opalrt/v2019.1.0.140/common/python/rtlab/global/target_subsys_postreset.py ... done


--------------- Retrieving files ... ---------------------------------

Setting local directory to C:\Users\DETLDAQ\OPAL-RT\RT-LABv2019.1_Workspace\Feeder_1_PV_Simulated\models\Feeder_1\feeder_1_sm_feeder1\OpREDHAWKtarget\... OK.
Transferring in ascii mode /home/s1011745/c/users/detldaq/opal-rt/rt-labv2019.1_workspace/feeder_1_pv_simulated/models/feeder_1/target_report.xml ... OK.

--------------- Done retrieving files --------------------------------
